2023-07-13 11:15:56.437 | INFO     | __main__:inner_func:14 - (pred_process) pred_scores: torch.Size([4, 84, 3])
2023-07-13 11:15:56.440 | INFO     | __main__:inner_func:15 - (pred_process) pred_scores: tensor([[[-0.7643,  0.8248, -2.0449],
         [-0.0766, -0.5744, -0.2626],
         [ 1.8392, -0.1684,  1.3177],
         ...,
         [ 0.7736,  1.1242,  1.7275],
         [ 0.2197, -0.7988,  0.9218],
         [ 0.9959, -1.4406, -1.5587]],

        [[-1.1019, -0.0606,  0.1702],
         [ 0.8778,  3.1746,  2.1711],
         [-2.2129,  0.8772,  0.9293],
         ...,
         [ 2.0656,  0.3701,  1.4363],
         [-2.0097, -1.5964, -0.8680],
         [ 0.8459,  2.0570,  2.2166]],

        [[-0.3982,  1.1261, -0.4888],
         [ 0.8632, -1.0170, -0.2975],
         [ 2.1683,  0.0773,  1.8645],
         ...,
         [ 0.5191,  0.6126, -0.4195],
         [ 0.1429, -0.5222,  0.1857],
         [-0.1296,  1.0577, -1.4332]],

        [[ 1.6295, -1.5197,  1.4417],
         [ 0.1817, -0.1908, -0.2840],
         [-0.5090, -0.4601, -0.2185],
         ...,
         [-0.3941, -1.1576, -0.2734],
         [ 0.4623,  0.1560,  0.9453],
         [ 1.4377,  1.3104,  1.3606]]])
2023-07-13 11:15:56.445 | INFO     | __main__:inner_func:14 - (pred_process) pred_regs: torch.Size([4, 84, 64])
2023-07-13 11:15:56.449 | INFO     | __main__:inner_func:15 - (pred_process) pred_regs: tensor([[[ 1.0095, -0.7798, -1.3420,  ...,  1.1340,  0.2015, -0.3513],
         [-2.5047,  1.6192, -0.2335,  ...,  0.1388, -0.0708,  0.1757],
         [ 1.0069, -0.0309,  0.1226,  ..., -0.8296,  0.5017, -0.5573],
         ...,
         [ 0.2769, -0.5805, -2.0590,  ...,  1.1905,  0.7567, -0.5714],
         [ 2.3463,  0.4941,  0.4142,  ...,  0.0685,  2.7037,  0.4929],
         [ 0.9882, -0.2821,  0.7966,  ...,  0.3175,  0.6125,  0.5701]],

        [[-0.0700,  0.4363,  0.6739,  ...,  0.8401,  0.0214, -1.4151],
         [-0.0180,  0.4066,  0.1339,  ..., -1.5450, -0.0995, -0.2603],
         [-1.0497,  0.7738,  0.6090,  ..., -0.0948, -0.8596, -0.2090],
         ...,
         [ 0.5936, -1.9137, -0.3587,  ...,  0.8792,  0.3159,  0.5887],
         [-1.6914,  0.8433,  0.0986,  ..., -0.4324,  0.5258,  2.0080],
         [ 0.9300,  0.4211,  0.9999,  ..., -0.8756,  1.0851,  0.6908]],

        [[-0.9580,  0.2152, -0.2465,  ...,  0.6518,  1.0476,  0.1277],
         [ 1.4601,  0.6062, -1.0284,  ...,  0.7394,  0.0148,  0.9079],
         [ 0.9540,  0.0052, -0.6028,  ...,  0.0839, -0.8191,  1.9193],
         ...,
         [ 0.3990,  0.5717, -0.3784,  ..., -0.6762,  0.0716, -0.9438],
         [ 0.3490, -0.2985,  0.4971,  ...,  0.5408, -0.9107,  0.6962],
         [ 0.0443, -0.4745,  0.9811,  ..., -0.3772,  0.4192, -0.8215]],

        [[ 0.1652,  0.9767, -0.6524,  ...,  0.2717, -0.3905, -0.4390],
         [-0.3995, -0.7780,  0.5033,  ...,  0.1077, -0.4341, -0.0765],
         [-0.1776, -0.5642,  0.4512,  ..., -0.6779, -2.2140,  0.6655],
         ...,
         [ 0.3046,  0.6269,  0.0973,  ..., -0.6613,  0.5429,  0.7496],
         [ 0.0870,  0.4550, -0.2249,  ..., -0.2733, -0.5289, -1.9177],
         [ 0.9357, -0.8017,  0.3937,  ...,  0.0521,  1.1050, -1.2350]]])
2023-07-13 11:15:56.476 | INFO     | __main__:inner_func:15 - (pred_process) strides: [80, 160, 320]
2023-07-13 11:15:56.479 | INFO     | __main__:inner_func:14 - (make_anchors) anc_points: torch.Size([84, 2])
2023-07-13 11:15:56.487 | INFO     | __main__:inner_func:15 - (make_anchors) anc_points: tensor([[0.5000, 0.5000],
        [1.5000, 0.5000],
        [2.5000, 0.5000],
        [3.5000, 0.5000],
        [4.5000, 0.5000],
        [5.5000, 0.5000],
        [6.5000, 0.5000],
        [7.5000, 0.5000],
        [0.5000, 1.5000],
        [1.5000, 1.5000],
        [2.5000, 1.5000],
        [3.5000, 1.5000],
        [4.5000, 1.5000],
        [5.5000, 1.5000],
        [6.5000, 1.5000],
        [7.5000, 1.5000],
        [0.5000, 2.5000],
        [1.5000, 2.5000],
        [2.5000, 2.5000],
        [3.5000, 2.5000],
        [4.5000, 2.5000],
        [5.5000, 2.5000],
        [6.5000, 2.5000],
        [7.5000, 2.5000],
        [0.5000, 3.5000],
        [1.5000, 3.5000],
        [2.5000, 3.5000],
        [3.5000, 3.5000],
        [4.5000, 3.5000],
        [5.5000, 3.5000],
        [6.5000, 3.5000],
        [7.5000, 3.5000],
        [0.5000, 4.5000],
        [1.5000, 4.5000],
        [2.5000, 4.5000],
        [3.5000, 4.5000],
        [4.5000, 4.5000],
        [5.5000, 4.5000],
        [6.5000, 4.5000],
        [7.5000, 4.5000],
        [0.5000, 5.5000],
        [1.5000, 5.5000],
        [2.5000, 5.5000],
        [3.5000, 5.5000],
        [4.5000, 5.5000],
        [5.5000, 5.5000],
        [6.5000, 5.5000],
        [7.5000, 5.5000],
        [0.5000, 6.5000],
        [1.5000, 6.5000],
        [2.5000, 6.5000],
        [3.5000, 6.5000],
        [4.5000, 6.5000],
        [5.5000, 6.5000],
        [6.5000, 6.5000],
        [7.5000, 6.5000],
        [0.5000, 7.5000],
        [1.5000, 7.5000],
        [2.5000, 7.5000],
        [3.5000, 7.5000],
        [4.5000, 7.5000],
        [5.5000, 7.5000],
        [6.5000, 7.5000],
        [7.5000, 7.5000],
        [0.5000, 0.5000],
        [1.5000, 0.5000],
        [2.5000, 0.5000],
        [3.5000, 0.5000],
        [0.5000, 1.5000],
        [1.5000, 1.5000],
        [2.5000, 1.5000],
        [3.5000, 1.5000],
        [0.5000, 2.5000],
        [1.5000, 2.5000],
        [2.5000, 2.5000],
        [3.5000, 2.5000],
        [0.5000, 3.5000],
        [1.5000, 3.5000],
        [2.5000, 3.5000],
        [3.5000, 3.5000],
        [0.5000, 0.5000],
        [1.5000, 0.5000],
        [0.5000, 1.5000],
        [1.5000, 1.5000]])
2023-07-13 11:15:56.496 | INFO     | __main__:inner_func:14 - (make_anchors) strides_tensor: torch.Size([84, 1])
2023-07-13 11:15:56.500 | INFO     | __main__:inner_func:15 - (make_anchors) strides_tensor: tensor([[ 80.],
        [ 80.],
        [ 80.],
        [ 80.],
        [ 80.],
        [ 80.],
        [ 80.],
        [ 80.],
        [ 80.],
        [ 80.],
        [ 80.],
        [ 80.],
        [ 80.],
        [ 80.],
        [ 80.],
        [ 80.],
        [ 80.],
        [ 80.],
        [ 80.],
        [ 80.],
        [ 80.],
        [ 80.],
        [ 80.],
        [ 80.],
        [ 80.],
        [ 80.],
        [ 80.],
        [ 80.],
        [ 80.],
        [ 80.],
        [ 80.],
        [ 80.],
        [ 80.],
        [ 80.],
        [ 80.],
        [ 80.],
        [ 80.],
        [ 80.],
        [ 80.],
        [ 80.],
        [ 80.],
        [ 80.],
        [ 80.],
        [ 80.],
        [ 80.],
        [ 80.],
        [ 80.],
        [ 80.],
        [ 80.],
        [ 80.],
        [ 80.],
        [ 80.],
        [ 80.],
        [ 80.],
        [ 80.],
        [ 80.],
        [ 80.],
        [ 80.],
        [ 80.],
        [ 80.],
        [ 80.],
        [ 80.],
        [ 80.],
        [ 80.],
        [160.],
        [160.],
        [160.],
        [160.],
        [160.],
        [160.],
        [160.],
        [160.],
        [160.],
        [160.],
        [160.],
        [160.],
        [160.],
        [160.],
        [160.],
        [160.],
        [320.],
        [320.],
        [320.],
        [320.]])
2023-07-13 11:15:56.512 | INFO     | __main__:inner_func:14 - (decode) pred_bboxes: torch.Size([4, 84, 4])
2023-07-13 11:15:56.514 | INFO     | __main__:inner_func:15 - (decode) pred_bboxes: tensor([[[-6.9921, -6.4183,  8.8518,  8.0408],
         [-5.5820, -5.5222,  8.5739,  7.9087],
         [-5.2347, -8.2061,  8.3953,  6.6997],
         ...,
         [-7.2996, -7.0318,  7.5510,  5.2817],
         [-3.9947, -5.3865,  7.3306, 10.1343],
         [-6.2989, -5.0771,  9.5235,  8.0396]],

        [[-7.4071, -7.4368, 10.3287,  8.6676],
         [-5.3013, -6.6088,  9.3343,  7.1063],
         [-4.4089, -7.3194,  8.2685,  5.9232],
         ...,
         [-7.8767, -2.5378, 10.3603,  9.0598],
         [-8.5859, -5.7551,  4.9068, 11.3890],
         [-4.9743, -7.9345,  8.6373, 10.1694]],

        [[-7.0056, -7.1531,  7.7155,  8.8053],
         [-6.2086, -6.7513,  8.3043,  7.2049],
         [-5.2560, -8.3732,  6.3517,  8.6627],
         ...,
         [-6.2982, -8.6356,  9.1715,  6.7178],
         [-6.6679, -4.6125,  9.5858, 10.3453],
         [-5.0469, -3.8416,  8.7219,  7.6449]],

        [[-5.9391, -6.0822, 10.1932,  8.3295],
         [-7.8089, -6.0386, 10.9528,  7.9659],
         [-5.4220, -7.7936, 10.3093,  7.5844],
         ...,
         [-5.8428, -4.4509,  8.0441,  6.6964],
         [-8.1090, -4.4900,  7.9630,  9.6109],
         [-4.8246, -8.5177,  8.9783, 10.4122]]])
2023-07-13 11:15:56.518 | INFO     | __main__:inner_func:14 - (ann_process) gt_bboxes: torch.Size([4, 3, 4])
2023-07-13 11:15:56.520 | INFO     | __main__:inner_func:15 - (ann_process) gt_bboxes: tensor([[[ 1.7856e+02,  9.2800e+01,  6.0480e+02,  3.3472e+02],
         [ 2.1760e+02, -3.2000e-01,  4.9024e+02,  6.9440e+01],
         [ 0.0000e+00,  0.0000e+00,  0.0000e+00,  0.0000e+00]],

        [[ 5.3440e+01,  9.2480e+01,  5.3152e+02,  3.2224e+02],
         [ 0.0000e+00,  0.0000e+00,  0.0000e+00,  0.0000e+00],
         [ 0.0000e+00,  0.0000e+00,  0.0000e+00,  0.0000e+00]],

        [[ 4.8000e+02,  2.0896e+02,  6.4000e+02,  4.1056e+02],
         [ 5.7600e+01,  9.8880e+01,  5.1840e+02,  3.6192e+02],
         [ 2.5600e+01,  2.5600e+00,  3.2000e+02,  7.9360e+01]],

        [[ 1.7440e+02,  2.5760e+02,  2.7104e+02,  4.0928e+02],
         [ 0.0000e+00,  0.0000e+00,  0.0000e+00,  0.0000e+00],
         [ 0.0000e+00,  0.0000e+00,  0.0000e+00,  0.0000e+00]]])
2023-07-13 11:15:56.523 | INFO     | __main__:inner_func:14 - (ann_process) gt_labels: torch.Size([4, 3, 1])
2023-07-13 11:15:56.525 | INFO     | __main__:inner_func:15 - (ann_process) gt_labels: tensor([[[1.],
         [0.],
         [0.]],

        [[1.],
         [0.],
         [0.]],

        [[2.],
         [1.],
         [0.]],

        [[2.],
         [0.],
         [0.]]])
2023-07-13 11:15:56.527 | INFO     | __main__:inner_func:14 - (ann_process) gt_mask: torch.Size([4, 3, 1])
2023-07-13 11:15:56.529 | INFO     | __main__:inner_func:15 - (ann_process) gt_mask: tensor([[[1.],
         [1.],
         [0.]],

        [[1.],
         [0.],
         [0.]],

        [[1.],
         [1.],
         [1.]],

        [[1.],
         [0.],
         [0.]]])
2023-07-13 11:15:56.531 | INFO     | __main__:inner_func:14 - (__get_in_gts_mask) in_gts_mask: torch.Size([3, 84])
2023-07-13 11:15:56.533 | INFO     | __main__:inner_func:15 - (__get_in_gts_mask) in_gts_mask: tensor([[0., 0., 0., 0., 0., 0., 0., 0., 0., 0., 1., 1., 1., 1., 1., 1., 0., 0.,
         1., 1., 1., 1., 1., 1., 0., 0., 1., 1., 1., 1., 1., 1., 0., 0., 0., 0.,
         0., 0., 0., 0., 0., 0., 0., 0., 0., 0., 0., 0., 0., 0., 0., 0., 0., 0.,
         0., 0., 0., 0., 0., 0., 0., 0., 0., 0., 0., 0., 0., 0., 0., 1., 1., 1.,
         0., 0., 0., 0., 0., 0., 0., 0., 0., 1., 0., 0.],
        [0., 0., 0., 1., 1., 1., 0., 0., 0., 0., 0., 0., 0., 0., 0., 0., 0., 0.,
         0., 0., 0., 0., 0., 0., 0., 0., 0., 0., 0., 0., 0., 0., 0., 0., 0., 0.,
         0., 0., 0., 0., 0., 0., 0., 0., 0., 0., 0., 0., 0., 0., 0., 0., 0., 0.,
         0., 0., 0., 0., 0., 0., 0., 0., 0., 0., 0., 0., 0., 0., 0., 0., 0., 0.,
         0., 0., 0., 0., 0., 0., 0., 0., 0., 0., 0., 0.],
        [0., 0., 0., 0., 0., 0., 0., 0., 0., 0., 0., 0., 0., 0., 0., 0., 0., 0.,
         0., 0., 0., 0., 0., 0., 0., 0., 0., 0., 0., 0., 0., 0., 0., 0., 0., 0.,
         0., 0., 0., 0., 0., 0., 0., 0., 0., 0., 0., 0., 0., 0., 0., 0., 0., 0.,
         0., 0., 0., 0., 0., 0., 0., 0., 0., 0., 0., 0., 0., 0., 0., 0., 0., 0.,
         0., 0., 0., 0., 0., 0., 0., 0., 0., 0., 0., 0.]])
2023-07-13 11:15:56.536 | INFO     | __main__:inner_func:14 - (__refine_select) align_metric: torch.Size([3, 84])
2023-07-13 11:15:56.538 | INFO     | __main__:inner_func:15 - (__refine_select) align_metric: tensor([[0.0000e+00, 0.0000e+00, 0.0000e+00, 0.0000e+00, 0.0000e+00, 0.0000e+00,
         0.0000e+00, 0.0000e+00, 0.0000e+00, 0.0000e+00, 1.8529e-07, 1.1981e-08,
         4.5906e-08, 4.8564e-08, 3.5394e-08, 1.2538e-09, 0.0000e+00, 0.0000e+00,
         2.3346e-08, 5.0432e-09, 9.7140e-08, 5.6014e-08, 7.3528e-08, 4.2683e-08,
         0.0000e+00, 0.0000e+00, 2.7154e-09, 3.1506e-07, 3.6258e-08, 2.8951e-08,
         2.2500e-08, 1.9550e-09, 0.0000e+00, 0.0000e+00, 0.0000e+00, 0.0000e+00,
         0.0000e+00, 0.0000e+00, 0.0000e+00, 0.0000e+00, 0.0000e+00, 0.0000e+00,
         0.0000e+00, 0.0000e+00, 0.0000e+00, 0.0000e+00, 0.0000e+00, 0.0000e+00,
         0.0000e+00, 0.0000e+00, 0.0000e+00, 0.0000e+00, 0.0000e+00, 0.0000e+00,
         0.0000e+00, 0.0000e+00, 0.0000e+00, 0.0000e+00, 0.0000e+00, 0.0000e+00,
         0.0000e+00, 0.0000e+00, 0.0000e+00, 0.0000e+00, 0.0000e+00, 0.0000e+00,
         0.0000e+00, 0.0000e+00, 0.0000e+00, 2.1311e-12, 1.0524e-12, 2.7419e-12,
         0.0000e+00, 0.0000e+00, 0.0000e+00, 0.0000e+00, 0.0000e+00, 0.0000e+00,
         0.0000e+00, 0.0000e+00, 0.0000e+00, 0.0000e+00, 0.0000e+00, 0.0000e+00],
        [0.0000e+00, 0.0000e+00, 0.0000e+00, 0.0000e+00, 0.0000e+00, 0.0000e+00,
         0.0000e+00, 0.0000e+00, 0.0000e+00, 0.0000e+00, 0.0000e+00, 0.0000e+00,
         0.0000e+00, 0.0000e+00, 0.0000e+00, 0.0000e+00, 0.0000e+00, 0.0000e+00,
         0.0000e+00, 0.0000e+00, 0.0000e+00, 0.0000e+00, 0.0000e+00, 0.0000e+00,
         0.0000e+00, 0.0000e+00, 0.0000e+00, 0.0000e+00, 0.0000e+00, 0.0000e+00,
         0.0000e+00, 0.0000e+00, 0.0000e+00, 0.0000e+00, 0.0000e+00, 0.0000e+00,
         0.0000e+00, 0.0000e+00, 0.0000e+00, 0.0000e+00, 0.0000e+00, 0.0000e+00,
         0.0000e+00, 0.0000e+00, 0.0000e+00, 0.0000e+00, 0.0000e+00, 0.0000e+00,
         0.0000e+00, 0.0000e+00, 0.0000e+00, 0.0000e+00, 0.0000e+00, 0.0000e+00,
         0.0000e+00, 0.0000e+00, 0.0000e+00, 0.0000e+00, 0.0000e+00, 0.0000e+00,
         0.0000e+00, 0.0000e+00, 0.0000e+00, 0.0000e+00, 0.0000e+00, 0.0000e+00,
         0.0000e+00, 0.0000e+00, 0.0000e+00, 0.0000e+00, 0.0000e+00, 0.0000e+00,
         0.0000e+00, 0.0000e+00, 0.0000e+00, 0.0000e+00, 0.0000e+00, 0.0000e+00,
         0.0000e+00, 0.0000e+00, 0.0000e+00, 0.0000e+00, 0.0000e+00, 0.0000e+00],
        [0.0000e+00, 0.0000e+00, 0.0000e+00, 0.0000e+00, 0.0000e+00, 0.0000e+00,
         0.0000e+00, 0.0000e+00, 0.0000e+00, 0.0000e+00, 0.0000e+00, 0.0000e+00,
         0.0000e+00, 0.0000e+00, 0.0000e+00, 0.0000e+00, 0.0000e+00, 0.0000e+00,
         0.0000e+00, 0.0000e+00, 0.0000e+00, 0.0000e+00, 0.0000e+00, 0.0000e+00,
         0.0000e+00, 0.0000e+00, 0.0000e+00, 0.0000e+00, 0.0000e+00, 0.0000e+00,
         0.0000e+00, 0.0000e+00, 0.0000e+00, 0.0000e+00, 0.0000e+00, 0.0000e+00,
         0.0000e+00, 0.0000e+00, 0.0000e+00, 0.0000e+00, 0.0000e+00, 0.0000e+00,
         0.0000e+00, 0.0000e+00, 0.0000e+00, 0.0000e+00, 0.0000e+00, 0.0000e+00,
         0.0000e+00, 0.0000e+00, 0.0000e+00, 0.0000e+00, 0.0000e+00, 0.0000e+00,
         0.0000e+00, 0.0000e+00, 0.0000e+00, 0.0000e+00, 0.0000e+00, 0.0000e+00,
         0.0000e+00, 0.0000e+00, 0.0000e+00, 0.0000e+00, 0.0000e+00, 0.0000e+00,
         0.0000e+00, 0.0000e+00, 0.0000e+00, 0.0000e+00, 0.0000e+00, 0.0000e+00,
         0.0000e+00, 0.0000e+00, 0.0000e+00, 0.0000e+00, 0.0000e+00, 0.0000e+00,
         0.0000e+00, 0.0000e+00, 0.0000e+00, 0.0000e+00, 0.0000e+00, 0.0000e+00]])
2023-07-13 11:15:56.542 | INFO     | __main__:inner_func:14 - (__refine_select) gt_pb_cious: torch.Size([3, 84])
2023-07-13 11:15:56.545 | INFO     | __main__:inner_func:15 - (__refine_select) gt_pb_cious: tensor([[0.0000, 0.0000, 0.0000, 0.0000, 0.0000, 0.0000, 0.0000, 0.0000, 0.0000,
         0.0000, 0.0783, 0.0540, 0.0631, 0.0654, 0.0587, 0.0349, 0.0000, 0.0000,
         0.0613, 0.0474, 0.0723, 0.0728, 0.0675, 0.0625, 0.0000, 0.0000, 0.0389,
         0.0856, 0.0590, 0.0608, 0.0556, 0.0371, 0.0000, 0.0000, 0.0000, 0.0000,
         0.0000, 0.0000, 0.0000, 0.0000, 0.0000, 0.0000, 0.0000, 0.0000, 0.0000,
         0.0000, 0.0000, 0.0000, 0.0000, 0.0000, 0.0000, 0.0000, 0.0000, 0.0000,
         0.0000, 0.0000, 0.0000, 0.0000, 0.0000, 0.0000, 0.0000, 0.0000, 0.0000,
         0.0000, 0.0000, 0.0000, 0.0000, 0.0000, 0.0000, 0.0128, 0.0116, 0.0126,
         0.0000, 0.0000, 0.0000, 0.0000, 0.0000, 0.0000, 0.0000, 0.0000, 0.0000,
         0.0000, 0.0000, 0.0000],
        [0.0000, 0.0000, 0.0000, 0.0000, 0.0000, 0.0000, 0.0000, 0.0000, 0.0000,
         0.0000, 0.0000, 0.0000, 0.0000, 0.0000, 0.0000, 0.0000, 0.0000, 0.0000,
         0.0000, 0.0000, 0.0000, 0.0000, 0.0000, 0.0000, 0.0000, 0.0000, 0.0000,
         0.0000, 0.0000, 0.0000, 0.0000, 0.0000, 0.0000, 0.0000, 0.0000, 0.0000,
         0.0000, 0.0000, 0.0000, 0.0000, 0.0000, 0.0000, 0.0000, 0.0000, 0.0000,
         0.0000, 0.0000, 0.0000, 0.0000, 0.0000, 0.0000, 0.0000, 0.0000, 0.0000,
         0.0000, 0.0000, 0.0000, 0.0000, 0.0000, 0.0000, 0.0000, 0.0000, 0.0000,
         0.0000, 0.0000, 0.0000, 0.0000, 0.0000, 0.0000, 0.0000, 0.0000, 0.0000,
         0.0000, 0.0000, 0.0000, 0.0000, 0.0000, 0.0000, 0.0000, 0.0000, 0.0000,
         0.0000, 0.0000, 0.0000],
        [0.0000, 0.0000, 0.0000, 0.0000, 0.0000, 0.0000, 0.0000, 0.0000, 0.0000,
         0.0000, 0.0000, 0.0000, 0.0000, 0.0000, 0.0000, 0.0000, 0.0000, 0.0000,
         0.0000, 0.0000, 0.0000, 0.0000, 0.0000, 0.0000, 0.0000, 0.0000, 0.0000,
         0.0000, 0.0000, 0.0000, 0.0000, 0.0000, 0.0000, 0.0000, 0.0000, 0.0000,
         0.0000, 0.0000, 0.0000, 0.0000, 0.0000, 0.0000, 0.0000, 0.0000, 0.0000,
         0.0000, 0.0000, 0.0000, 0.0000, 0.0000, 0.0000, 0.0000, 0.0000, 0.0000,
         0.0000, 0.0000, 0.0000, 0.0000, 0.0000, 0.0000, 0.0000, 0.0000, 0.0000,
         0.0000, 0.0000, 0.0000, 0.0000, 0.0000, 0.0000, 0.0000, 0.0000, 0.0000,
         0.0000, 0.0000, 0.0000, 0.0000, 0.0000, 0.0000, 0.0000, 0.0000, 0.0000,
         0.0000, 0.0000, 0.0000]])
2023-07-13 11:15:56.548 | INFO     | __main__:inner_func:14 - (__select_topk_candidates) topk_mask: torch.Size([3, 84])
2023-07-13 11:15:56.550 | INFO     | __main__:inner_func:15 - (__select_topk_candidates) topk_mask: tensor([[0., 0., 0., 0., 0., 0., 0., 0., 0., 0., 1., 0., 1., 1., 1., 0., 0., 0.,
         0., 0., 1., 1., 1., 1., 0., 0., 0., 1., 1., 0., 0., 0., 0., 0., 0., 0.,
         0., 0., 0., 0., 0., 0., 0., 0., 0., 0., 0., 0., 0., 0., 0., 0., 0., 0.,
         0., 0., 0., 0., 0., 0., 0., 0., 0., 0., 0., 0., 0., 0., 0., 0., 0., 0.,
         0., 0., 0., 0., 0., 0., 0., 0., 0., 0., 0., 0.],
        [1., 1., 1., 1., 1., 1., 1., 1., 1., 1., 0., 0., 0., 0., 0., 0., 0., 0.,
         0., 0., 0., 0., 0., 0., 0., 0., 0., 0., 0., 0., 0., 0., 0., 0., 0., 0.,
         0., 0., 0., 0., 0., 0., 0., 0., 0., 0., 0., 0., 0., 0., 0., 0., 0., 0.,
         0., 0., 0., 0., 0., 0., 0., 0., 0., 0., 0., 0., 0., 0., 0., 0., 0., 0.,
         0., 0., 0., 0., 0., 0., 0., 0., 0., 0., 0., 0.],
        [0., 0., 0., 0., 0., 0., 0., 0., 0., 0., 0., 0., 0., 0., 0., 0., 0., 0.,
         0., 0., 0., 0., 0., 0., 0., 0., 0., 0., 0., 0., 0., 0., 0., 0., 0., 0.,
         0., 0., 0., 0., 0., 0., 0., 0., 0., 0., 0., 0., 0., 0., 0., 0., 0., 0.,
         0., 0., 0., 0., 0., 0., 0., 0., 0., 0., 0., 0., 0., 0., 0., 0., 0., 0.,
         0., 0., 0., 0., 0., 0., 0., 0., 0., 0., 0., 0.]])
2023-07-13 11:15:56.552 | INFO     | __main__:inner_func:14 - (__filter_repeat_assign_candidates) target_gt_idx: torch.Size([84])
2023-07-13 11:15:56.554 | INFO     | __main__:inner_func:15 - (__filter_repeat_assign_candidates) target_gt_idx: tensor([1, 1, 1, 1, 1, 1, 1, 1, 1, 1, 0, 0, 0, 0, 0, 0, 0, 0, 0, 0, 0, 0, 0, 0,
        0, 0, 0, 0, 0, 0, 0, 0, 0, 0, 0, 0, 0, 0, 0, 0, 0, 0, 0, 0, 0, 0, 0, 0,
        0, 0, 0, 0, 0, 0, 0, 0, 0, 0, 0, 0, 0, 0, 0, 0, 0, 0, 0, 0, 0, 0, 0, 0,
        0, 0, 0, 0, 0, 0, 0, 0, 0, 0, 0, 0])
2023-07-13 11:15:56.555 | INFO     | __main__:inner_func:14 - (__filter_repeat_assign_candidates) fg_mask: torch.Size([84])
2023-07-13 11:15:56.557 | INFO     | __main__:inner_func:15 - (__filter_repeat_assign_candidates) fg_mask: tensor([1., 1., 1., 1., 1., 1., 1., 1., 1., 1., 1., 0., 1., 1., 1., 0., 0., 0.,
        0., 0., 1., 1., 1., 1., 0., 0., 0., 1., 1., 0., 0., 0., 0., 0., 0., 0.,
        0., 0., 0., 0., 0., 0., 0., 0., 0., 0., 0., 0., 0., 0., 0., 0., 0., 0.,
        0., 0., 0., 0., 0., 0., 0., 0., 0., 0., 0., 0., 0., 0., 0., 0., 0., 0.,
        0., 0., 0., 0., 0., 0., 0., 0., 0., 0., 0., 0.])
2023-07-13 11:15:56.559 | INFO     | __main__:inner_func:14 - (__filter_repeat_assign_candidates) pos_mask: torch.Size([3, 84])
2023-07-13 11:15:56.561 | INFO     | __main__:inner_func:15 - (__filter_repeat_assign_candidates) pos_mask: tensor([[0., 0., 0., 0., 0., 0., 0., 0., 0., 0., 1., 0., 1., 1., 1., 0., 0., 0.,
         0., 0., 1., 1., 1., 1., 0., 0., 0., 1., 1., 0., 0., 0., 0., 0., 0., 0.,
         0., 0., 0., 0., 0., 0., 0., 0., 0., 0., 0., 0., 0., 0., 0., 0., 0., 0.,
         0., 0., 0., 0., 0., 0., 0., 0., 0., 0., 0., 0., 0., 0., 0., 0., 0., 0.,
         0., 0., 0., 0., 0., 0., 0., 0., 0., 0., 0., 0.],
        [1., 1., 1., 1., 1., 1., 1., 1., 1., 1., 0., 0., 0., 0., 0., 0., 0., 0.,
         0., 0., 0., 0., 0., 0., 0., 0., 0., 0., 0., 0., 0., 0., 0., 0., 0., 0.,
         0., 0., 0., 0., 0., 0., 0., 0., 0., 0., 0., 0., 0., 0., 0., 0., 0., 0.,
         0., 0., 0., 0., 0., 0., 0., 0., 0., 0., 0., 0., 0., 0., 0., 0., 0., 0.,
         0., 0., 0., 0., 0., 0., 0., 0., 0., 0., 0., 0.],
        [0., 0., 0., 0., 0., 0., 0., 0., 0., 0., 0., 0., 0., 0., 0., 0., 0., 0.,
         0., 0., 0., 0., 0., 0., 0., 0., 0., 0., 0., 0., 0., 0., 0., 0., 0., 0.,
         0., 0., 0., 0., 0., 0., 0., 0., 0., 0., 0., 0., 0., 0., 0., 0., 0., 0.,
         0., 0., 0., 0., 0., 0., 0., 0., 0., 0., 0., 0., 0., 0., 0., 0., 0., 0.,
         0., 0., 0., 0., 0., 0., 0., 0., 0., 0., 0., 0.]])
2023-07-13 11:15:56.563 | INFO     | __main__:inner_func:14 - (__get_train_targets) target_one_hot_labels: torch.Size([84, 3])
2023-07-13 11:15:56.566 | INFO     | __main__:inner_func:15 - (__get_train_targets) target_one_hot_labels: tensor([[1, 0, 0],
        [1, 0, 0],
        [1, 0, 0],
        [1, 0, 0],
        [1, 0, 0],
        [1, 0, 0],
        [1, 0, 0],
        [1, 0, 0],
        [1, 0, 0],
        [1, 0, 0],
        [0, 1, 0],
        [0, 0, 0],
        [0, 1, 0],
        [0, 1, 0],
        [0, 1, 0],
        [0, 0, 0],
        [0, 0, 0],
        [0, 0, 0],
        [0, 0, 0],
        [0, 0, 0],
        [0, 1, 0],
        [0, 1, 0],
        [0, 1, 0],
        [0, 1, 0],
        [0, 0, 0],
        [0, 0, 0],
        [0, 0, 0],
        [0, 1, 0],
        [0, 1, 0],
        [0, 0, 0],
        [0, 0, 0],
        [0, 0, 0],
        [0, 0, 0],
        [0, 0, 0],
        [0, 0, 0],
        [0, 0, 0],
        [0, 0, 0],
        [0, 0, 0],
        [0, 0, 0],
        [0, 0, 0],
        [0, 0, 0],
        [0, 0, 0],
        [0, 0, 0],
        [0, 0, 0],
        [0, 0, 0],
        [0, 0, 0],
        [0, 0, 0],
        [0, 0, 0],
        [0, 0, 0],
        [0, 0, 0],
        [0, 0, 0],
        [0, 0, 0],
        [0, 0, 0],
        [0, 0, 0],
        [0, 0, 0],
        [0, 0, 0],
        [0, 0, 0],
        [0, 0, 0],
        [0, 0, 0],
        [0, 0, 0],
        [0, 0, 0],
        [0, 0, 0],
        [0, 0, 0],
        [0, 0, 0],
        [0, 0, 0],
        [0, 0, 0],
        [0, 0, 0],
        [0, 0, 0],
        [0, 0, 0],
        [0, 0, 0],
        [0, 0, 0],
        [0, 0, 0],
        [0, 0, 0],
        [0, 0, 0],
        [0, 0, 0],
        [0, 0, 0],
        [0, 0, 0],
        [0, 0, 0],
        [0, 0, 0],
        [0, 0, 0],
        [0, 0, 0],
        [0, 0, 0],
        [0, 0, 0],
        [0, 0, 0]])
2023-07-13 11:15:56.572 | INFO     | __main__:inner_func:14 - (__get_train_targets) target_bboxes: torch.Size([84, 4])
2023-07-13 11:15:56.577 | INFO     | __main__:inner_func:15 - (__get_train_targets) target_bboxes: tensor([[ 2.1760e+02, -3.2000e-01,  4.9024e+02,  6.9440e+01],
        [ 2.1760e+02, -3.2000e-01,  4.9024e+02,  6.9440e+01],
        [ 2.1760e+02, -3.2000e-01,  4.9024e+02,  6.9440e+01],
        [ 2.1760e+02, -3.2000e-01,  4.9024e+02,  6.9440e+01],
        [ 2.1760e+02, -3.2000e-01,  4.9024e+02,  6.9440e+01],
        [ 2.1760e+02, -3.2000e-01,  4.9024e+02,  6.9440e+01],
        [ 2.1760e+02, -3.2000e-01,  4.9024e+02,  6.9440e+01],
        [ 2.1760e+02, -3.2000e-01,  4.9024e+02,  6.9440e+01],
        [ 2.1760e+02, -3.2000e-01,  4.9024e+02,  6.9440e+01],
        [ 2.1760e+02, -3.2000e-01,  4.9024e+02,  6.9440e+01],
        [ 1.7856e+02,  9.2800e+01,  6.0480e+02,  3.3472e+02],
        [ 1.7856e+02,  9.2800e+01,  6.0480e+02,  3.3472e+02],
        [ 1.7856e+02,  9.2800e+01,  6.0480e+02,  3.3472e+02],
        [ 1.7856e+02,  9.2800e+01,  6.0480e+02,  3.3472e+02],
        [ 1.7856e+02,  9.2800e+01,  6.0480e+02,  3.3472e+02],
        [ 1.7856e+02,  9.2800e+01,  6.0480e+02,  3.3472e+02],
        [ 1.7856e+02,  9.2800e+01,  6.0480e+02,  3.3472e+02],
        [ 1.7856e+02,  9.2800e+01,  6.0480e+02,  3.3472e+02],
        [ 1.7856e+02,  9.2800e+01,  6.0480e+02,  3.3472e+02],
        [ 1.7856e+02,  9.2800e+01,  6.0480e+02,  3.3472e+02],
        [ 1.7856e+02,  9.2800e+01,  6.0480e+02,  3.3472e+02],
        [ 1.7856e+02,  9.2800e+01,  6.0480e+02,  3.3472e+02],
        [ 1.7856e+02,  9.2800e+01,  6.0480e+02,  3.3472e+02],
        [ 1.7856e+02,  9.2800e+01,  6.0480e+02,  3.3472e+02],
        [ 1.7856e+02,  9.2800e+01,  6.0480e+02,  3.3472e+02],
        [ 1.7856e+02,  9.2800e+01,  6.0480e+02,  3.3472e+02],
        [ 1.7856e+02,  9.2800e+01,  6.0480e+02,  3.3472e+02],
        [ 1.7856e+02,  9.2800e+01,  6.0480e+02,  3.3472e+02],
        [ 1.7856e+02,  9.2800e+01,  6.0480e+02,  3.3472e+02],
        [ 1.7856e+02,  9.2800e+01,  6.0480e+02,  3.3472e+02],
        [ 1.7856e+02,  9.2800e+01,  6.0480e+02,  3.3472e+02],
        [ 1.7856e+02,  9.2800e+01,  6.0480e+02,  3.3472e+02],
        [ 1.7856e+02,  9.2800e+01,  6.0480e+02,  3.3472e+02],
        [ 1.7856e+02,  9.2800e+01,  6.0480e+02,  3.3472e+02],
        [ 1.7856e+02,  9.2800e+01,  6.0480e+02,  3.3472e+02],
        [ 1.7856e+02,  9.2800e+01,  6.0480e+02,  3.3472e+02],
        [ 1.7856e+02,  9.2800e+01,  6.0480e+02,  3.3472e+02],
        [ 1.7856e+02,  9.2800e+01,  6.0480e+02,  3.3472e+02],
        [ 1.7856e+02,  9.2800e+01,  6.0480e+02,  3.3472e+02],
        [ 1.7856e+02,  9.2800e+01,  6.0480e+02,  3.3472e+02],
        [ 1.7856e+02,  9.2800e+01,  6.0480e+02,  3.3472e+02],
        [ 1.7856e+02,  9.2800e+01,  6.0480e+02,  3.3472e+02],
        [ 1.7856e+02,  9.2800e+01,  6.0480e+02,  3.3472e+02],
        [ 1.7856e+02,  9.2800e+01,  6.0480e+02,  3.3472e+02],
        [ 1.7856e+02,  9.2800e+01,  6.0480e+02,  3.3472e+02],
        [ 1.7856e+02,  9.2800e+01,  6.0480e+02,  3.3472e+02],
        [ 1.7856e+02,  9.2800e+01,  6.0480e+02,  3.3472e+02],
        [ 1.7856e+02,  9.2800e+01,  6.0480e+02,  3.3472e+02],
        [ 1.7856e+02,  9.2800e+01,  6.0480e+02,  3.3472e+02],
        [ 1.7856e+02,  9.2800e+01,  6.0480e+02,  3.3472e+02],
        [ 1.7856e+02,  9.2800e+01,  6.0480e+02,  3.3472e+02],
        [ 1.7856e+02,  9.2800e+01,  6.0480e+02,  3.3472e+02],
        [ 1.7856e+02,  9.2800e+01,  6.0480e+02,  3.3472e+02],
        [ 1.7856e+02,  9.2800e+01,  6.0480e+02,  3.3472e+02],
        [ 1.7856e+02,  9.2800e+01,  6.0480e+02,  3.3472e+02],
        [ 1.7856e+02,  9.2800e+01,  6.0480e+02,  3.3472e+02],
        [ 1.7856e+02,  9.2800e+01,  6.0480e+02,  3.3472e+02],
        [ 1.7856e+02,  9.2800e+01,  6.0480e+02,  3.3472e+02],
        [ 1.7856e+02,  9.2800e+01,  6.0480e+02,  3.3472e+02],
        [ 1.7856e+02,  9.2800e+01,  6.0480e+02,  3.3472e+02],
        [ 1.7856e+02,  9.2800e+01,  6.0480e+02,  3.3472e+02],
        [ 1.7856e+02,  9.2800e+01,  6.0480e+02,  3.3472e+02],
        [ 1.7856e+02,  9.2800e+01,  6.0480e+02,  3.3472e+02],
        [ 1.7856e+02,  9.2800e+01,  6.0480e+02,  3.3472e+02],
        [ 1.7856e+02,  9.2800e+01,  6.0480e+02,  3.3472e+02],
        [ 1.7856e+02,  9.2800e+01,  6.0480e+02,  3.3472e+02],
        [ 1.7856e+02,  9.2800e+01,  6.0480e+02,  3.3472e+02],
        [ 1.7856e+02,  9.2800e+01,  6.0480e+02,  3.3472e+02],
        [ 1.7856e+02,  9.2800e+01,  6.0480e+02,  3.3472e+02],
        [ 1.7856e+02,  9.2800e+01,  6.0480e+02,  3.3472e+02],
        [ 1.7856e+02,  9.2800e+01,  6.0480e+02,  3.3472e+02],
        [ 1.7856e+02,  9.2800e+01,  6.0480e+02,  3.3472e+02],
        [ 1.7856e+02,  9.2800e+01,  6.0480e+02,  3.3472e+02],
        [ 1.7856e+02,  9.2800e+01,  6.0480e+02,  3.3472e+02],
        [ 1.7856e+02,  9.2800e+01,  6.0480e+02,  3.3472e+02],
        [ 1.7856e+02,  9.2800e+01,  6.0480e+02,  3.3472e+02],
        [ 1.7856e+02,  9.2800e+01,  6.0480e+02,  3.3472e+02],
        [ 1.7856e+02,  9.2800e+01,  6.0480e+02,  3.3472e+02],
        [ 1.7856e+02,  9.2800e+01,  6.0480e+02,  3.3472e+02],
        [ 1.7856e+02,  9.2800e+01,  6.0480e+02,  3.3472e+02],
        [ 1.7856e+02,  9.2800e+01,  6.0480e+02,  3.3472e+02],
        [ 1.7856e+02,  9.2800e+01,  6.0480e+02,  3.3472e+02],
        [ 1.7856e+02,  9.2800e+01,  6.0480e+02,  3.3472e+02],
        [ 1.7856e+02,  9.2800e+01,  6.0480e+02,  3.3472e+02]])
2023-07-13 11:15:56.584 | INFO     | __main__:inner_func:14 - (__get_in_gts_mask) in_gts_mask: torch.Size([3, 84])
2023-07-13 11:15:56.586 | INFO     | __main__:inner_func:15 - (__get_in_gts_mask) in_gts_mask: tensor([[0., 0., 0., 0., 0., 0., 0., 0., 0., 1., 1., 1., 1., 1., 1., 0., 0., 1.,
         1., 1., 1., 1., 1., 0., 0., 1., 1., 1., 1., 1., 1., 0., 0., 0., 0., 0.,
         0., 0., 0., 0., 0., 0., 0., 0., 0., 0., 0., 0., 0., 0., 0., 0., 0., 0.,
         0., 0., 0., 0., 0., 0., 0., 0., 0., 0., 0., 0., 0., 0., 1., 1., 1., 0.,
         0., 0., 0., 0., 0., 0., 0., 0., 1., 1., 0., 0.],
        [0., 0., 0., 0., 0., 0., 0., 0., 0., 0., 0., 0., 0., 0., 0., 0., 0., 0.,
         0., 0., 0., 0., 0., 0., 0., 0., 0., 0., 0., 0., 0., 0., 0., 0., 0., 0.,
         0., 0., 0., 0., 0., 0., 0., 0., 0., 0., 0., 0., 0., 0., 0., 0., 0., 0.,
         0., 0., 0., 0., 0., 0., 0., 0., 0., 0., 0., 0., 0., 0., 0., 0., 0., 0.,
         0., 0., 0., 0., 0., 0., 0., 0., 0., 0., 0., 0.],
        [0., 0., 0., 0., 0., 0., 0., 0., 0., 0., 0., 0., 0., 0., 0., 0., 0., 0.,
         0., 0., 0., 0., 0., 0., 0., 0., 0., 0., 0., 0., 0., 0., 0., 0., 0., 0.,
         0., 0., 0., 0., 0., 0., 0., 0., 0., 0., 0., 0., 0., 0., 0., 0., 0., 0.,
         0., 0., 0., 0., 0., 0., 0., 0., 0., 0., 0., 0., 0., 0., 0., 0., 0., 0.,
         0., 0., 0., 0., 0., 0., 0., 0., 0., 0., 0., 0.]])
2023-07-13 11:15:56.589 | INFO     | __main__:inner_func:14 - (__refine_select) align_metric: torch.Size([3, 84])
2023-07-13 11:15:56.591 | INFO     | __main__:inner_func:15 - (__refine_select) align_metric: tensor([[0.0000e+00, 0.0000e+00, 0.0000e+00, 0.0000e+00, 0.0000e+00, 0.0000e+00,
         0.0000e+00, 0.0000e+00, 0.0000e+00, 9.6638e-08, 3.2083e-08, 5.3507e-09,
         1.4304e-07, 1.6303e-07, 1.9380e-08, 0.0000e+00, 0.0000e+00, 1.1168e-08,
         6.4583e-09, 2.5113e-07, 9.2822e-09, 1.8857e-07, 4.3684e-08, 0.0000e+00,
         0.0000e+00, 4.3774e-08, 1.5901e-07, 5.2591e-07, 7.5375e-08, 1.7147e-07,
         3.6562e-08, 0.0000e+00, 0.0000e+00, 0.0000e+00, 0.0000e+00, 0.0000e+00,
         0.0000e+00, 0.0000e+00, 0.0000e+00, 0.0000e+00, 0.0000e+00, 0.0000e+00,
         0.0000e+00, 0.0000e+00, 0.0000e+00, 0.0000e+00, 0.0000e+00, 0.0000e+00,
         0.0000e+00, 0.0000e+00, 0.0000e+00, 0.0000e+00, 0.0000e+00, 0.0000e+00,
         0.0000e+00, 0.0000e+00, 0.0000e+00, 0.0000e+00, 0.0000e+00, 0.0000e+00,
         0.0000e+00, 0.0000e+00, 0.0000e+00, 0.0000e+00, 0.0000e+00, 0.0000e+00,
         0.0000e+00, 0.0000e+00, 1.7803e-13, 4.7227e-11, 8.3039e-12, 0.0000e+00,
         0.0000e+00, 0.0000e+00, 0.0000e+00, 0.0000e+00, 0.0000e+00, 0.0000e+00,
         0.0000e+00, 0.0000e+00, 0.0000e+00, 0.0000e+00, 0.0000e+00, 0.0000e+00],
        [0.0000e+00, 0.0000e+00, 0.0000e+00, 0.0000e+00, 0.0000e+00, 0.0000e+00,
         0.0000e+00, 0.0000e+00, 0.0000e+00, 0.0000e+00, 0.0000e+00, 0.0000e+00,
         0.0000e+00, 0.0000e+00, 0.0000e+00, 0.0000e+00, 0.0000e+00, 0.0000e+00,
         0.0000e+00, 0.0000e+00, 0.0000e+00, 0.0000e+00, 0.0000e+00, 0.0000e+00,
         0.0000e+00, 0.0000e+00, 0.0000e+00, 0.0000e+00, 0.0000e+00, 0.0000e+00,
         0.0000e+00, 0.0000e+00, 0.0000e+00, 0.0000e+00, 0.0000e+00, 0.0000e+00,
         0.0000e+00, 0.0000e+00, 0.0000e+00, 0.0000e+00, 0.0000e+00, 0.0000e+00,
         0.0000e+00, 0.0000e+00, 0.0000e+00, 0.0000e+00, 0.0000e+00, 0.0000e+00,
         0.0000e+00, 0.0000e+00, 0.0000e+00, 0.0000e+00, 0.0000e+00, 0.0000e+00,
         0.0000e+00, 0.0000e+00, 0.0000e+00, 0.0000e+00, 0.0000e+00, 0.0000e+00,
         0.0000e+00, 0.0000e+00, 0.0000e+00, 0.0000e+00, 0.0000e+00, 0.0000e+00,
         0.0000e+00, 0.0000e+00, 0.0000e+00, 0.0000e+00, 0.0000e+00, 0.0000e+00,
         0.0000e+00, 0.0000e+00, 0.0000e+00, 0.0000e+00, 0.0000e+00, 0.0000e+00,
         0.0000e+00, 0.0000e+00, 0.0000e+00, 0.0000e+00, 0.0000e+00, 0.0000e+00],
        [0.0000e+00, 0.0000e+00, 0.0000e+00, 0.0000e+00, 0.0000e+00, 0.0000e+00,
         0.0000e+00, 0.0000e+00, 0.0000e+00, 0.0000e+00, 0.0000e+00, 0.0000e+00,
         0.0000e+00, 0.0000e+00, 0.0000e+00, 0.0000e+00, 0.0000e+00, 0.0000e+00,
         0.0000e+00, 0.0000e+00, 0.0000e+00, 0.0000e+00, 0.0000e+00, 0.0000e+00,
         0.0000e+00, 0.0000e+00, 0.0000e+00, 0.0000e+00, 0.0000e+00, 0.0000e+00,
         0.0000e+00, 0.0000e+00, 0.0000e+00, 0.0000e+00, 0.0000e+00, 0.0000e+00,
         0.0000e+00, 0.0000e+00, 0.0000e+00, 0.0000e+00, 0.0000e+00, 0.0000e+00,
         0.0000e+00, 0.0000e+00, 0.0000e+00, 0.0000e+00, 0.0000e+00, 0.0000e+00,
         0.0000e+00, 0.0000e+00, 0.0000e+00, 0.0000e+00, 0.0000e+00, 0.0000e+00,
         0.0000e+00, 0.0000e+00, 0.0000e+00, 0.0000e+00, 0.0000e+00, 0.0000e+00,
         0.0000e+00, 0.0000e+00, 0.0000e+00, 0.0000e+00, 0.0000e+00, 0.0000e+00,
         0.0000e+00, 0.0000e+00, 0.0000e+00, 0.0000e+00, 0.0000e+00, 0.0000e+00,
         0.0000e+00, 0.0000e+00, 0.0000e+00, 0.0000e+00, 0.0000e+00, 0.0000e+00,
         0.0000e+00, 0.0000e+00, 0.0000e+00, 0.0000e+00, 0.0000e+00, 0.0000e+00]])
2023-07-13 11:15:56.594 | INFO     | __main__:inner_func:14 - (__refine_select) gt_pb_cious: torch.Size([3, 84])
2023-07-13 11:15:56.596 | INFO     | __main__:inner_func:15 - (__refine_select) gt_pb_cious: tensor([[0.0000, 0.0000, 0.0000, 0.0000, 0.0000, 0.0000, 0.0000, 0.0000, 0.0000,
         0.0705, 0.0607, 0.0429, 0.0753, 0.0775, 0.0542, 0.0000, 0.0000, 0.0514,
         0.0479, 0.0841, 0.0529, 0.0799, 0.0616, 0.0000, 0.0000, 0.0674, 0.0799,
         0.0994, 0.0766, 0.0761, 0.0579, 0.0000, 0.0000, 0.0000, 0.0000, 0.0000,
         0.0000, 0.0000, 0.0000, 0.0000, 0.0000, 0.0000, 0.0000, 0.0000, 0.0000,
         0.0000, 0.0000, 0.0000, 0.0000, 0.0000, 0.0000, 0.0000, 0.0000, 0.0000,
         0.0000, 0.0000, 0.0000, 0.0000, 0.0000, 0.0000, 0.0000, 0.0000, 0.0000,
         0.0000, 0.0000, 0.0000, 0.0000, 0.0000, 0.0076, 0.0198, 0.0171, 0.0000,
         0.0000, 0.0000, 0.0000, 0.0000, 0.0000, 0.0000, 0.0000, 0.0000, 0.0000,
         0.0000, 0.0000, 0.0000],
        [0.0000, 0.0000, 0.0000, 0.0000, 0.0000, 0.0000, 0.0000, 0.0000, 0.0000,
         0.0000, 0.0000, 0.0000, 0.0000, 0.0000, 0.0000, 0.0000, 0.0000, 0.0000,
         0.0000, 0.0000, 0.0000, 0.0000, 0.0000, 0.0000, 0.0000, 0.0000, 0.0000,
         0.0000, 0.0000, 0.0000, 0.0000, 0.0000, 0.0000, 0.0000, 0.0000, 0.0000,
         0.0000, 0.0000, 0.0000, 0.0000, 0.0000, 0.0000, 0.0000, 0.0000, 0.0000,
         0.0000, 0.0000, 0.0000, 0.0000, 0.0000, 0.0000, 0.0000, 0.0000, 0.0000,
         0.0000, 0.0000, 0.0000, 0.0000, 0.0000, 0.0000, 0.0000, 0.0000, 0.0000,
         0.0000, 0.0000, 0.0000, 0.0000, 0.0000, 0.0000, 0.0000, 0.0000, 0.0000,
         0.0000, 0.0000, 0.0000, 0.0000, 0.0000, 0.0000, 0.0000, 0.0000, 0.0000,
         0.0000, 0.0000, 0.0000],
        [0.0000, 0.0000, 0.0000, 0.0000, 0.0000, 0.0000, 0.0000, 0.0000, 0.0000,
         0.0000, 0.0000, 0.0000, 0.0000, 0.0000, 0.0000, 0.0000, 0.0000, 0.0000,
         0.0000, 0.0000, 0.0000, 0.0000, 0.0000, 0.0000, 0.0000, 0.0000, 0.0000,
         0.0000, 0.0000, 0.0000, 0.0000, 0.0000, 0.0000, 0.0000, 0.0000, 0.0000,
         0.0000, 0.0000, 0.0000, 0.0000, 0.0000, 0.0000, 0.0000, 0.0000, 0.0000,
         0.0000, 0.0000, 0.0000, 0.0000, 0.0000, 0.0000, 0.0000, 0.0000, 0.0000,
         0.0000, 0.0000, 0.0000, 0.0000, 0.0000, 0.0000, 0.0000, 0.0000, 0.0000,
         0.0000, 0.0000, 0.0000, 0.0000, 0.0000, 0.0000, 0.0000, 0.0000, 0.0000,
         0.0000, 0.0000, 0.0000, 0.0000, 0.0000, 0.0000, 0.0000, 0.0000, 0.0000,
         0.0000, 0.0000, 0.0000]])
2023-07-13 11:15:56.600 | INFO     | __main__:inner_func:14 - (__select_topk_candidates) topk_mask: torch.Size([3, 84])
2023-07-13 11:15:56.601 | INFO     | __main__:inner_func:15 - (__select_topk_candidates) topk_mask: tensor([[0., 0., 0., 0., 0., 0., 0., 0., 0., 1., 0., 0., 1., 1., 0., 0., 0., 0.,
         0., 1., 0., 1., 0., 0., 0., 1., 1., 1., 1., 1., 0., 0., 0., 0., 0., 0.,
         0., 0., 0., 0., 0., 0., 0., 0., 0., 0., 0., 0., 0., 0., 0., 0., 0., 0.,
         0., 0., 0., 0., 0., 0., 0., 0., 0., 0., 0., 0., 0., 0., 0., 0., 0., 0.,
         0., 0., 0., 0., 0., 0., 0., 0., 0., 0., 0., 0.],
        [0., 0., 0., 0., 0., 0., 0., 0., 0., 0., 0., 0., 0., 0., 0., 0., 0., 0.,
         0., 0., 0., 0., 0., 0., 0., 0., 0., 0., 0., 0., 0., 0., 0., 0., 0., 0.,
         0., 0., 0., 0., 0., 0., 0., 0., 0., 0., 0., 0., 0., 0., 0., 0., 0., 0.,
         0., 0., 0., 0., 0., 0., 0., 0., 0., 0., 0., 0., 0., 0., 0., 0., 0., 0.,
         0., 0., 0., 0., 0., 0., 0., 0., 0., 0., 0., 0.],
        [0., 0., 0., 0., 0., 0., 0., 0., 0., 0., 0., 0., 0., 0., 0., 0., 0., 0.,
         0., 0., 0., 0., 0., 0., 0., 0., 0., 0., 0., 0., 0., 0., 0., 0., 0., 0.,
         0., 0., 0., 0., 0., 0., 0., 0., 0., 0., 0., 0., 0., 0., 0., 0., 0., 0.,
         0., 0., 0., 0., 0., 0., 0., 0., 0., 0., 0., 0., 0., 0., 0., 0., 0., 0.,
         0., 0., 0., 0., 0., 0., 0., 0., 0., 0., 0., 0.]])
2023-07-13 11:15:56.604 | INFO     | __main__:inner_func:14 - (__filter_repeat_assign_candidates) target_gt_idx: torch.Size([84])
2023-07-13 11:15:56.605 | INFO     | __main__:inner_func:15 - (__filter_repeat_assign_candidates) target_gt_idx: tensor([0, 0, 0, 0, 0, 0, 0, 0, 0, 0, 0, 0, 0, 0, 0, 0, 0, 0, 0, 0, 0, 0, 0, 0,
        0, 0, 0, 0, 0, 0, 0, 0, 0, 0, 0, 0, 0, 0, 0, 0, 0, 0, 0, 0, 0, 0, 0, 0,
        0, 0, 0, 0, 0, 0, 0, 0, 0, 0, 0, 0, 0, 0, 0, 0, 0, 0, 0, 0, 0, 0, 0, 0,
        0, 0, 0, 0, 0, 0, 0, 0, 0, 0, 0, 0])
2023-07-13 11:15:56.606 | INFO     | __main__:inner_func:14 - (__filter_repeat_assign_candidates) fg_mask: torch.Size([84])
2023-07-13 11:15:56.608 | INFO     | __main__:inner_func:15 - (__filter_repeat_assign_candidates) fg_mask: tensor([0., 0., 0., 0., 0., 0., 0., 0., 0., 1., 0., 0., 1., 1., 0., 0., 0., 0.,
        0., 1., 0., 1., 0., 0., 0., 1., 1., 1., 1., 1., 0., 0., 0., 0., 0., 0.,
        0., 0., 0., 0., 0., 0., 0., 0., 0., 0., 0., 0., 0., 0., 0., 0., 0., 0.,
        0., 0., 0., 0., 0., 0., 0., 0., 0., 0., 0., 0., 0., 0., 0., 0., 0., 0.,
        0., 0., 0., 0., 0., 0., 0., 0., 0., 0., 0., 0.])
2023-07-13 11:15:56.610 | INFO     | __main__:inner_func:14 - (__filter_repeat_assign_candidates) pos_mask: torch.Size([3, 84])
2023-07-13 11:15:56.611 | INFO     | __main__:inner_func:15 - (__filter_repeat_assign_candidates) pos_mask: tensor([[0., 0., 0., 0., 0., 0., 0., 0., 0., 1., 0., 0., 1., 1., 0., 0., 0., 0.,
         0., 1., 0., 1., 0., 0., 0., 1., 1., 1., 1., 1., 0., 0., 0., 0., 0., 0.,
         0., 0., 0., 0., 0., 0., 0., 0., 0., 0., 0., 0., 0., 0., 0., 0., 0., 0.,
         0., 0., 0., 0., 0., 0., 0., 0., 0., 0., 0., 0., 0., 0., 0., 0., 0., 0.,
         0., 0., 0., 0., 0., 0., 0., 0., 0., 0., 0., 0.],
        [0., 0., 0., 0., 0., 0., 0., 0., 0., 0., 0., 0., 0., 0., 0., 0., 0., 0.,
         0., 0., 0., 0., 0., 0., 0., 0., 0., 0., 0., 0., 0., 0., 0., 0., 0., 0.,
         0., 0., 0., 0., 0., 0., 0., 0., 0., 0., 0., 0., 0., 0., 0., 0., 0., 0.,
         0., 0., 0., 0., 0., 0., 0., 0., 0., 0., 0., 0., 0., 0., 0., 0., 0., 0.,
         0., 0., 0., 0., 0., 0., 0., 0., 0., 0., 0., 0.],
        [0., 0., 0., 0., 0., 0., 0., 0., 0., 0., 0., 0., 0., 0., 0., 0., 0., 0.,
         0., 0., 0., 0., 0., 0., 0., 0., 0., 0., 0., 0., 0., 0., 0., 0., 0., 0.,
         0., 0., 0., 0., 0., 0., 0., 0., 0., 0., 0., 0., 0., 0., 0., 0., 0., 0.,
         0., 0., 0., 0., 0., 0., 0., 0., 0., 0., 0., 0., 0., 0., 0., 0., 0., 0.,
         0., 0., 0., 0., 0., 0., 0., 0., 0., 0., 0., 0.]])
2023-07-13 11:15:56.613 | INFO     | __main__:inner_func:14 - (__get_train_targets) target_one_hot_labels: torch.Size([84, 3])
2023-07-13 11:15:56.617 | INFO     | __main__:inner_func:15 - (__get_train_targets) target_one_hot_labels: tensor([[0, 0, 0],
        [0, 0, 0],
        [0, 0, 0],
        [0, 0, 0],
        [0, 0, 0],
        [0, 0, 0],
        [0, 0, 0],
        [0, 0, 0],
        [0, 0, 0],
        [0, 1, 0],
        [0, 0, 0],
        [0, 0, 0],
        [0, 1, 0],
        [0, 1, 0],
        [0, 0, 0],
        [0, 0, 0],
        [0, 0, 0],
        [0, 0, 0],
        [0, 0, 0],
        [0, 1, 0],
        [0, 0, 0],
        [0, 1, 0],
        [0, 0, 0],
        [0, 0, 0],
        [0, 0, 0],
        [0, 1, 0],
        [0, 1, 0],
        [0, 1, 0],
        [0, 1, 0],
        [0, 1, 0],
        [0, 0, 0],
        [0, 0, 0],
        [0, 0, 0],
        [0, 0, 0],
        [0, 0, 0],
        [0, 0, 0],
        [0, 0, 0],
        [0, 0, 0],
        [0, 0, 0],
        [0, 0, 0],
        [0, 0, 0],
        [0, 0, 0],
        [0, 0, 0],
        [0, 0, 0],
        [0, 0, 0],
        [0, 0, 0],
        [0, 0, 0],
        [0, 0, 0],
        [0, 0, 0],
        [0, 0, 0],
        [0, 0, 0],
        [0, 0, 0],
        [0, 0, 0],
        [0, 0, 0],
        [0, 0, 0],
        [0, 0, 0],
        [0, 0, 0],
        [0, 0, 0],
        [0, 0, 0],
        [0, 0, 0],
        [0, 0, 0],
        [0, 0, 0],
        [0, 0, 0],
        [0, 0, 0],
        [0, 0, 0],
        [0, 0, 0],
        [0, 0, 0],
        [0, 0, 0],
        [0, 0, 0],
        [0, 0, 0],
        [0, 0, 0],
        [0, 0, 0],
        [0, 0, 0],
        [0, 0, 0],
        [0, 0, 0],
        [0, 0, 0],
        [0, 0, 0],
        [0, 0, 0],
        [0, 0, 0],
        [0, 0, 0],
        [0, 0, 0],
        [0, 0, 0],
        [0, 0, 0],
        [0, 0, 0]])
2023-07-13 11:15:56.624 | INFO     | __main__:inner_func:14 - (__get_train_targets) target_bboxes: torch.Size([84, 4])
2023-07-13 11:15:56.629 | INFO     | __main__:inner_func:15 - (__get_train_targets) target_bboxes: tensor([[ 53.4400,  92.4800, 531.5200, 322.2400],
        [ 53.4400,  92.4800, 531.5200, 322.2400],
        [ 53.4400,  92.4800, 531.5200, 322.2400],
        [ 53.4400,  92.4800, 531.5200, 322.2400],
        [ 53.4400,  92.4800, 531.5200, 322.2400],
        [ 53.4400,  92.4800, 531.5200, 322.2400],
        [ 53.4400,  92.4800, 531.5200, 322.2400],
        [ 53.4400,  92.4800, 531.5200, 322.2400],
        [ 53.4400,  92.4800, 531.5200, 322.2400],
        [ 53.4400,  92.4800, 531.5200, 322.2400],
        [ 53.4400,  92.4800, 531.5200, 322.2400],
        [ 53.4400,  92.4800, 531.5200, 322.2400],
        [ 53.4400,  92.4800, 531.5200, 322.2400],
        [ 53.4400,  92.4800, 531.5200, 322.2400],
        [ 53.4400,  92.4800, 531.5200, 322.2400],
        [ 53.4400,  92.4800, 531.5200, 322.2400],
        [ 53.4400,  92.4800, 531.5200, 322.2400],
        [ 53.4400,  92.4800, 531.5200, 322.2400],
        [ 53.4400,  92.4800, 531.5200, 322.2400],
        [ 53.4400,  92.4800, 531.5200, 322.2400],
        [ 53.4400,  92.4800, 531.5200, 322.2400],
        [ 53.4400,  92.4800, 531.5200, 322.2400],
        [ 53.4400,  92.4800, 531.5200, 322.2400],
        [ 53.4400,  92.4800, 531.5200, 322.2400],
        [ 53.4400,  92.4800, 531.5200, 322.2400],
        [ 53.4400,  92.4800, 531.5200, 322.2400],
        [ 53.4400,  92.4800, 531.5200, 322.2400],
        [ 53.4400,  92.4800, 531.5200, 322.2400],
        [ 53.4400,  92.4800, 531.5200, 322.2400],
        [ 53.4400,  92.4800, 531.5200, 322.2400],
        [ 53.4400,  92.4800, 531.5200, 322.2400],
        [ 53.4400,  92.4800, 531.5200, 322.2400],
        [ 53.4400,  92.4800, 531.5200, 322.2400],
        [ 53.4400,  92.4800, 531.5200, 322.2400],
        [ 53.4400,  92.4800, 531.5200, 322.2400],
        [ 53.4400,  92.4800, 531.5200, 322.2400],
        [ 53.4400,  92.4800, 531.5200, 322.2400],
        [ 53.4400,  92.4800, 531.5200, 322.2400],
        [ 53.4400,  92.4800, 531.5200, 322.2400],
        [ 53.4400,  92.4800, 531.5200, 322.2400],
        [ 53.4400,  92.4800, 531.5200, 322.2400],
        [ 53.4400,  92.4800, 531.5200, 322.2400],
        [ 53.4400,  92.4800, 531.5200, 322.2400],
        [ 53.4400,  92.4800, 531.5200, 322.2400],
        [ 53.4400,  92.4800, 531.5200, 322.2400],
        [ 53.4400,  92.4800, 531.5200, 322.2400],
        [ 53.4400,  92.4800, 531.5200, 322.2400],
        [ 53.4400,  92.4800, 531.5200, 322.2400],
        [ 53.4400,  92.4800, 531.5200, 322.2400],
        [ 53.4400,  92.4800, 531.5200, 322.2400],
        [ 53.4400,  92.4800, 531.5200, 322.2400],
        [ 53.4400,  92.4800, 531.5200, 322.2400],
        [ 53.4400,  92.4800, 531.5200, 322.2400],
        [ 53.4400,  92.4800, 531.5200, 322.2400],
        [ 53.4400,  92.4800, 531.5200, 322.2400],
        [ 53.4400,  92.4800, 531.5200, 322.2400],
        [ 53.4400,  92.4800, 531.5200, 322.2400],
        [ 53.4400,  92.4800, 531.5200, 322.2400],
        [ 53.4400,  92.4800, 531.5200, 322.2400],
        [ 53.4400,  92.4800, 531.5200, 322.2400],
        [ 53.4400,  92.4800, 531.5200, 322.2400],
        [ 53.4400,  92.4800, 531.5200, 322.2400],
        [ 53.4400,  92.4800, 531.5200, 322.2400],
        [ 53.4400,  92.4800, 531.5200, 322.2400],
        [ 53.4400,  92.4800, 531.5200, 322.2400],
        [ 53.4400,  92.4800, 531.5200, 322.2400],
        [ 53.4400,  92.4800, 531.5200, 322.2400],
        [ 53.4400,  92.4800, 531.5200, 322.2400],
        [ 53.4400,  92.4800, 531.5200, 322.2400],
        [ 53.4400,  92.4800, 531.5200, 322.2400],
        [ 53.4400,  92.4800, 531.5200, 322.2400],
        [ 53.4400,  92.4800, 531.5200, 322.2400],
        [ 53.4400,  92.4800, 531.5200, 322.2400],
        [ 53.4400,  92.4800, 531.5200, 322.2400],
        [ 53.4400,  92.4800, 531.5200, 322.2400],
        [ 53.4400,  92.4800, 531.5200, 322.2400],
        [ 53.4400,  92.4800, 531.5200, 322.2400],
        [ 53.4400,  92.4800, 531.5200, 322.2400],
        [ 53.4400,  92.4800, 531.5200, 322.2400],
        [ 53.4400,  92.4800, 531.5200, 322.2400],
        [ 53.4400,  92.4800, 531.5200, 322.2400],
        [ 53.4400,  92.4800, 531.5200, 322.2400],
        [ 53.4400,  92.4800, 531.5200, 322.2400],
        [ 53.4400,  92.4800, 531.5200, 322.2400]])
2023-07-13 11:15:56.635 | INFO     | __main__:inner_func:14 - (__get_in_gts_mask) in_gts_mask: torch.Size([3, 84])
2023-07-13 11:15:56.637 | INFO     | __main__:inner_func:15 - (__get_in_gts_mask) in_gts_mask: tensor([[0., 0., 0., 0., 0., 0., 0., 0., 0., 0., 0., 0., 0., 0., 0., 0., 0., 0.,
         0., 0., 0., 0., 0., 0., 0., 0., 0., 0., 0., 0., 1., 1., 0., 0., 0., 0.,
         0., 0., 1., 1., 0., 0., 0., 0., 0., 0., 0., 0., 0., 0., 0., 0., 0., 0.,
         0., 0., 0., 0., 0., 0., 0., 0., 0., 0., 0., 0., 0., 0., 0., 0., 0., 1.,
         0., 0., 0., 1., 0., 0., 0., 0., 0., 0., 0., 0.],
        [0., 0., 0., 0., 0., 0., 0., 0., 0., 1., 1., 1., 1., 1., 0., 0., 0., 1.,
         1., 1., 1., 1., 0., 0., 0., 1., 1., 1., 1., 1., 0., 0., 0., 1., 1., 1.,
         1., 1., 0., 0., 0., 0., 0., 0., 0., 0., 0., 0., 0., 0., 0., 0., 0., 0.,
         0., 0., 0., 0., 0., 0., 0., 0., 0., 0., 0., 0., 0., 0., 1., 1., 1., 0.,
         0., 0., 0., 0., 0., 0., 0., 0., 1., 1., 0., 0.],
        [1., 1., 1., 1., 0., 0., 0., 0., 0., 0., 0., 0., 0., 0., 0., 0., 0., 0.,
         0., 0., 0., 0., 0., 0., 0., 0., 0., 0., 0., 0., 0., 0., 0., 0., 0., 0.,
         0., 0., 0., 0., 0., 0., 0., 0., 0., 0., 0., 0., 0., 0., 0., 0., 0., 0.,
         0., 0., 0., 0., 0., 0., 0., 0., 0., 0., 0., 0., 0., 0., 0., 0., 0., 0.,
         0., 0., 0., 0., 0., 0., 0., 0., 0., 0., 0., 0.]])
2023-07-13 11:15:56.640 | INFO     | __main__:inner_func:14 - (__refine_select) align_metric: torch.Size([3, 84])
2023-07-13 11:15:56.642 | INFO     | __main__:inner_func:15 - (__refine_select) align_metric: tensor([[0.0000e+00, 0.0000e+00, 0.0000e+00, 0.0000e+00, 0.0000e+00, 0.0000e+00,
         0.0000e+00, 0.0000e+00, 0.0000e+00, 0.0000e+00, 0.0000e+00, 0.0000e+00,
         0.0000e+00, 0.0000e+00, 0.0000e+00, 0.0000e+00, 0.0000e+00, 0.0000e+00,
         0.0000e+00, 0.0000e+00, 0.0000e+00, 0.0000e+00, 0.0000e+00, 0.0000e+00,
         0.0000e+00, 0.0000e+00, 0.0000e+00, 0.0000e+00, 0.0000e+00, 0.0000e+00,
         1.2273e-10, 1.3612e-11, 0.0000e+00, 0.0000e+00, 0.0000e+00, 0.0000e+00,
         0.0000e+00, 0.0000e+00, 1.1355e-10, 5.5545e-12, 0.0000e+00, 0.0000e+00,
         0.0000e+00, 0.0000e+00, 0.0000e+00, 0.0000e+00, 0.0000e+00, 0.0000e+00,
         0.0000e+00, 0.0000e+00, 0.0000e+00, 0.0000e+00, 0.0000e+00, 0.0000e+00,
         0.0000e+00, 0.0000e+00, 0.0000e+00, 0.0000e+00, 0.0000e+00, 0.0000e+00,
         0.0000e+00, 0.0000e+00, 0.0000e+00, 0.0000e+00, 0.0000e+00, 0.0000e+00,
         0.0000e+00, 0.0000e+00, 0.0000e+00, 0.0000e+00, 0.0000e+00, 2.7794e-15,
         0.0000e+00, 0.0000e+00, 0.0000e+00, 2.8873e-16, 0.0000e+00, 0.0000e+00,
         0.0000e+00, 0.0000e+00, 0.0000e+00, 0.0000e+00, 0.0000e+00, 0.0000e+00],
        [0.0000e+00, 0.0000e+00, 0.0000e+00, 0.0000e+00, 0.0000e+00, 0.0000e+00,
         0.0000e+00, 0.0000e+00, 0.0000e+00, 8.3908e-08, 1.3064e-07, 4.5531e-07,
         9.9834e-08, 4.9391e-08, 0.0000e+00, 0.0000e+00, 0.0000e+00, 4.2178e-07,
         4.9729e-07, 2.3285e-07, 3.8503e-07, 1.2203e-07, 0.0000e+00, 0.0000e+00,
         0.0000e+00, 1.0123e-07, 1.2353e-07, 3.2907e-07, 1.4631e-07, 1.5560e-07,
         0.0000e+00, 0.0000e+00, 0.0000e+00, 3.8987e-08, 3.8264e-08, 3.1672e-08,
         1.6416e-07, 1.9915e-07, 0.0000e+00, 0.0000e+00, 0.0000e+00, 0.0000e+00,
         0.0000e+00, 0.0000e+00, 0.0000e+00, 0.0000e+00, 0.0000e+00, 0.0000e+00,
         0.0000e+00, 0.0000e+00, 0.0000e+00, 0.0000e+00, 0.0000e+00, 0.0000e+00,
         0.0000e+00, 0.0000e+00, 0.0000e+00, 0.0000e+00, 0.0000e+00, 0.0000e+00,
         0.0000e+00, 0.0000e+00, 0.0000e+00, 0.0000e+00, 0.0000e+00, 0.0000e+00,
         0.0000e+00, 0.0000e+00, 2.2385e-11, 6.4986e-11, 2.2482e-12, 0.0000e+00,
         0.0000e+00, 0.0000e+00, 0.0000e+00, 0.0000e+00, 0.0000e+00, 0.0000e+00,
         0.0000e+00, 0.0000e+00, 3.0646e-15, 0.0000e+00, 0.0000e+00, 0.0000e+00],
        [0.0000e+00, 3.0703e-15, 0.0000e+00, 0.0000e+00, 0.0000e+00, 0.0000e+00,
         0.0000e+00, 0.0000e+00, 0.0000e+00, 0.0000e+00, 0.0000e+00, 0.0000e+00,
         0.0000e+00, 0.0000e+00, 0.0000e+00, 0.0000e+00, 0.0000e+00, 0.0000e+00,
         0.0000e+00, 0.0000e+00, 0.0000e+00, 0.0000e+00, 0.0000e+00, 0.0000e+00,
         0.0000e+00, 0.0000e+00, 0.0000e+00, 0.0000e+00, 0.0000e+00, 0.0000e+00,
         0.0000e+00, 0.0000e+00, 0.0000e+00, 0.0000e+00, 0.0000e+00, 0.0000e+00,
         0.0000e+00, 0.0000e+00, 0.0000e+00, 0.0000e+00, 0.0000e+00, 0.0000e+00,
         0.0000e+00, 0.0000e+00, 0.0000e+00, 0.0000e+00, 0.0000e+00, 0.0000e+00,
         0.0000e+00, 0.0000e+00, 0.0000e+00, 0.0000e+00, 0.0000e+00, 0.0000e+00,
         0.0000e+00, 0.0000e+00, 0.0000e+00, 0.0000e+00, 0.0000e+00, 0.0000e+00,
         0.0000e+00, 0.0000e+00, 0.0000e+00, 0.0000e+00, 0.0000e+00, 0.0000e+00,
         0.0000e+00, 0.0000e+00, 0.0000e+00, 0.0000e+00, 0.0000e+00, 0.0000e+00,
         0.0000e+00, 0.0000e+00, 0.0000e+00, 0.0000e+00, 0.0000e+00, 0.0000e+00,
         0.0000e+00, 0.0000e+00, 0.0000e+00, 0.0000e+00, 0.0000e+00, 0.0000e+00]])
2023-07-13 11:15:56.646 | INFO     | __main__:inner_func:14 - (__refine_select) gt_pb_cious: torch.Size([3, 84])
2023-07-13 11:15:56.648 | INFO     | __main__:inner_func:15 - (__refine_select) gt_pb_cious: tensor([[0.0000, 0.0000, 0.0000, 0.0000, 0.0000, 0.0000, 0.0000, 0.0000, 0.0000,
         0.0000, 0.0000, 0.0000, 0.0000, 0.0000, 0.0000, 0.0000, 0.0000, 0.0000,
         0.0000, 0.0000, 0.0000, 0.0000, 0.0000, 0.0000, 0.0000, 0.0000, 0.0000,
         0.0000, 0.0000, 0.0000, 0.0246, 0.0157, 0.0000, 0.0000, 0.0000, 0.0000,
         0.0000, 0.0000, 0.0230, 0.0141, 0.0000, 0.0000, 0.0000, 0.0000, 0.0000,
         0.0000, 0.0000, 0.0000, 0.0000, 0.0000, 0.0000, 0.0000, 0.0000, 0.0000,
         0.0000, 0.0000, 0.0000, 0.0000, 0.0000, 0.0000, 0.0000, 0.0000, 0.0000,
         0.0000, 0.0000, 0.0000, 0.0000, 0.0000, 0.0000, 0.0000, 0.0000, 0.0038,
         0.0000, 0.0000, 0.0000, 0.0028, 0.0000, 0.0000, 0.0000, 0.0000, 0.0000,
         0.0000, 0.0000, 0.0000],
        [0.0000, 0.0000, 0.0000, 0.0000, 0.0000, 0.0000, 0.0000, 0.0000, 0.0000,
         0.0675, 0.0724, 0.0994, 0.0704, 0.0651, 0.0000, 0.0000, 0.0000, 0.0913,
         0.0904, 0.0863, 0.0870, 0.0734, 0.0000, 0.0000, 0.0000, 0.0702, 0.0718,
         0.0877, 0.0779, 0.0793, 0.0000, 0.0000, 0.0000, 0.0583, 0.0597, 0.0632,
         0.0758, 0.0811, 0.0000, 0.0000, 0.0000, 0.0000, 0.0000, 0.0000, 0.0000,
         0.0000, 0.0000, 0.0000, 0.0000, 0.0000, 0.0000, 0.0000, 0.0000, 0.0000,
         0.0000, 0.0000, 0.0000, 0.0000, 0.0000, 0.0000, 0.0000, 0.0000, 0.0000,
         0.0000, 0.0000, 0.0000, 0.0000, 0.0000, 0.0181, 0.0231, 0.0119, 0.0000,
         0.0000, 0.0000, 0.0000, 0.0000, 0.0000, 0.0000, 0.0000, 0.0000, 0.0040,
         0.0000, 0.0000, 0.0000],
        [0.0000, 0.0039, 0.0000, 0.0000, 0.0000, 0.0000, 0.0000, 0.0000, 0.0000,
         0.0000, 0.0000, 0.0000, 0.0000, 0.0000, 0.0000, 0.0000, 0.0000, 0.0000,
         0.0000, 0.0000, 0.0000, 0.0000, 0.0000, 0.0000, 0.0000, 0.0000, 0.0000,
         0.0000, 0.0000, 0.0000, 0.0000, 0.0000, 0.0000, 0.0000, 0.0000, 0.0000,
         0.0000, 0.0000, 0.0000, 0.0000, 0.0000, 0.0000, 0.0000, 0.0000, 0.0000,
         0.0000, 0.0000, 0.0000, 0.0000, 0.0000, 0.0000, 0.0000, 0.0000, 0.0000,
         0.0000, 0.0000, 0.0000, 0.0000, 0.0000, 0.0000, 0.0000, 0.0000, 0.0000,
         0.0000, 0.0000, 0.0000, 0.0000, 0.0000, 0.0000, 0.0000, 0.0000, 0.0000,
         0.0000, 0.0000, 0.0000, 0.0000, 0.0000, 0.0000, 0.0000, 0.0000, 0.0000,
         0.0000, 0.0000, 0.0000]])
2023-07-13 11:15:56.652 | INFO     | __main__:inner_func:14 - (__select_topk_candidates) topk_mask: torch.Size([3, 84])
2023-07-13 11:15:56.654 | INFO     | __main__:inner_func:15 - (__select_topk_candidates) topk_mask: tensor([[0., 0., 1., 1., 1., 1., 0., 0., 0., 0., 0., 0., 0., 0., 0., 0., 0., 0.,
         0., 0., 0., 0., 0., 0., 0., 0., 0., 0., 0., 0., 1., 1., 0., 0., 0., 0.,
         0., 0., 1., 1., 0., 0., 0., 0., 0., 0., 0., 0., 0., 0., 0., 0., 0., 0.,
         0., 0., 0., 0., 0., 0., 0., 0., 0., 0., 0., 0., 0., 0., 0., 0., 0., 1.,
         0., 0., 0., 1., 0., 0., 0., 0., 0., 0., 0., 0.],
        [0., 0., 0., 0., 0., 0., 0., 0., 0., 0., 0., 1., 0., 0., 0., 0., 0., 1.,
         1., 1., 1., 0., 0., 0., 0., 0., 0., 1., 1., 1., 0., 0., 0., 0., 0., 0.,
         1., 1., 0., 0., 0., 0., 0., 0., 0., 0., 0., 0., 0., 0., 0., 0., 0., 0.,
         0., 0., 0., 0., 0., 0., 0., 0., 0., 0., 0., 0., 0., 0., 0., 0., 0., 0.,
         0., 0., 0., 0., 0., 0., 0., 0., 0., 0., 0., 0.],
        [1., 1., 1., 1., 1., 1., 1., 1., 1., 1., 0., 0., 0., 0., 0., 0., 0., 0.,
         0., 0., 0., 0., 0., 0., 0., 0., 0., 0., 0., 0., 0., 0., 0., 0., 0., 0.,
         0., 0., 0., 0., 0., 0., 0., 0., 0., 0., 0., 0., 0., 0., 0., 0., 0., 0.,
         0., 0., 0., 0., 0., 0., 0., 0., 0., 0., 0., 0., 0., 0., 0., 0., 0., 0.,
         0., 0., 0., 0., 0., 0., 0., 0., 0., 0., 0., 0.]])
2023-07-13 11:15:56.657 | INFO     | __main__:inner_func:14 - (__filter_repeat_assign_candidates) target_gt_idx: torch.Size([84])
2023-07-13 11:15:56.658 | INFO     | __main__:inner_func:15 - (__filter_repeat_assign_candidates) target_gt_idx: tensor([2, 2, 0, 0, 0, 0, 2, 2, 2, 2, 0, 1, 0, 0, 0, 0, 0, 1, 1, 1, 1, 0, 0, 0,
        0, 0, 0, 1, 1, 1, 0, 0, 0, 0, 0, 0, 1, 1, 0, 0, 0, 0, 0, 0, 0, 0, 0, 0,
        0, 0, 0, 0, 0, 0, 0, 0, 0, 0, 0, 0, 0, 0, 0, 0, 0, 0, 0, 0, 0, 0, 0, 0,
        0, 0, 0, 0, 0, 0, 0, 0, 0, 0, 0, 0])
2023-07-13 11:15:56.660 | INFO     | __main__:inner_func:14 - (__filter_repeat_assign_candidates) fg_mask: torch.Size([84])
2023-07-13 11:15:56.662 | INFO     | __main__:inner_func:15 - (__filter_repeat_assign_candidates) fg_mask: tensor([1., 1., 1., 1., 1., 1., 1., 1., 1., 1., 0., 1., 0., 0., 0., 0., 0., 1.,
        1., 1., 1., 0., 0., 0., 0., 0., 0., 1., 1., 1., 1., 1., 0., 0., 0., 0.,
        1., 1., 1., 1., 0., 0., 0., 0., 0., 0., 0., 0., 0., 0., 0., 0., 0., 0.,
        0., 0., 0., 0., 0., 0., 0., 0., 0., 0., 0., 0., 0., 0., 0., 0., 0., 1.,
        0., 0., 0., 1., 0., 0., 0., 0., 0., 0., 0., 0.])
2023-07-13 11:15:56.663 | INFO     | __main__:inner_func:14 - (__filter_repeat_assign_candidates) pos_mask: torch.Size([3, 84])
2023-07-13 11:15:56.665 | INFO     | __main__:inner_func:15 - (__filter_repeat_assign_candidates) pos_mask: tensor([[0., 0., 1., 1., 1., 1., 0., 0., 0., 0., 0., 0., 0., 0., 0., 0., 0., 0.,
         0., 0., 0., 0., 0., 0., 0., 0., 0., 0., 0., 0., 1., 1., 0., 0., 0., 0.,
         0., 0., 1., 1., 0., 0., 0., 0., 0., 0., 0., 0., 0., 0., 0., 0., 0., 0.,
         0., 0., 0., 0., 0., 0., 0., 0., 0., 0., 0., 0., 0., 0., 0., 0., 0., 1.,
         0., 0., 0., 1., 0., 0., 0., 0., 0., 0., 0., 0.],
        [0., 0., 0., 0., 0., 0., 0., 0., 0., 0., 0., 1., 0., 0., 0., 0., 0., 1.,
         1., 1., 1., 0., 0., 0., 0., 0., 0., 1., 1., 1., 0., 0., 0., 0., 0., 0.,
         1., 1., 0., 0., 0., 0., 0., 0., 0., 0., 0., 0., 0., 0., 0., 0., 0., 0.,
         0., 0., 0., 0., 0., 0., 0., 0., 0., 0., 0., 0., 0., 0., 0., 0., 0., 0.,
         0., 0., 0., 0., 0., 0., 0., 0., 0., 0., 0., 0.],
        [1., 1., 0., 0., 0., 0., 1., 1., 1., 1., 0., 0., 0., 0., 0., 0., 0., 0.,
         0., 0., 0., 0., 0., 0., 0., 0., 0., 0., 0., 0., 0., 0., 0., 0., 0., 0.,
         0., 0., 0., 0., 0., 0., 0., 0., 0., 0., 0., 0., 0., 0., 0., 0., 0., 0.,
         0., 0., 0., 0., 0., 0., 0., 0., 0., 0., 0., 0., 0., 0., 0., 0., 0., 0.,
         0., 0., 0., 0., 0., 0., 0., 0., 0., 0., 0., 0.]])
2023-07-13 11:15:56.667 | INFO     | __main__:inner_func:14 - (__get_train_targets) target_one_hot_labels: torch.Size([84, 3])
2023-07-13 11:15:56.670 | INFO     | __main__:inner_func:15 - (__get_train_targets) target_one_hot_labels: tensor([[1, 0, 0],
        [1, 0, 0],
        [0, 0, 1],
        [0, 0, 1],
        [0, 0, 1],
        [0, 0, 1],
        [1, 0, 0],
        [1, 0, 0],
        [1, 0, 0],
        [1, 0, 0],
        [0, 0, 0],
        [0, 1, 0],
        [0, 0, 0],
        [0, 0, 0],
        [0, 0, 0],
        [0, 0, 0],
        [0, 0, 0],
        [0, 1, 0],
        [0, 1, 0],
        [0, 1, 0],
        [0, 1, 0],
        [0, 0, 0],
        [0, 0, 0],
        [0, 0, 0],
        [0, 0, 0],
        [0, 0, 0],
        [0, 0, 0],
        [0, 1, 0],
        [0, 1, 0],
        [0, 1, 0],
        [0, 0, 1],
        [0, 0, 1],
        [0, 0, 0],
        [0, 0, 0],
        [0, 0, 0],
        [0, 0, 0],
        [0, 1, 0],
        [0, 1, 0],
        [0, 0, 1],
        [0, 0, 1],
        [0, 0, 0],
        [0, 0, 0],
        [0, 0, 0],
        [0, 0, 0],
        [0, 0, 0],
        [0, 0, 0],
        [0, 0, 0],
        [0, 0, 0],
        [0, 0, 0],
        [0, 0, 0],
        [0, 0, 0],
        [0, 0, 0],
        [0, 0, 0],
        [0, 0, 0],
        [0, 0, 0],
        [0, 0, 0],
        [0, 0, 0],
        [0, 0, 0],
        [0, 0, 0],
        [0, 0, 0],
        [0, 0, 0],
        [0, 0, 0],
        [0, 0, 0],
        [0, 0, 0],
        [0, 0, 0],
        [0, 0, 0],
        [0, 0, 0],
        [0, 0, 0],
        [0, 0, 0],
        [0, 0, 0],
        [0, 0, 0],
        [0, 0, 1],
        [0, 0, 0],
        [0, 0, 0],
        [0, 0, 0],
        [0, 0, 1],
        [0, 0, 0],
        [0, 0, 0],
        [0, 0, 0],
        [0, 0, 0],
        [0, 0, 0],
        [0, 0, 0],
        [0, 0, 0],
        [0, 0, 0]])
2023-07-13 11:15:56.677 | INFO     | __main__:inner_func:14 - (__get_train_targets) target_bboxes: torch.Size([84, 4])
2023-07-13 11:15:56.681 | INFO     | __main__:inner_func:15 - (__get_train_targets) target_bboxes: tensor([[ 25.6000,   2.5600, 320.0000,  79.3600],
        [ 25.6000,   2.5600, 320.0000,  79.3600],
        [480.0000, 208.9600, 640.0000, 410.5600],
        [480.0000, 208.9600, 640.0000, 410.5600],
        [480.0000, 208.9600, 640.0000, 410.5600],
        [480.0000, 208.9600, 640.0000, 410.5600],
        [ 25.6000,   2.5600, 320.0000,  79.3600],
        [ 25.6000,   2.5600, 320.0000,  79.3600],
        [ 25.6000,   2.5600, 320.0000,  79.3600],
        [ 25.6000,   2.5600, 320.0000,  79.3600],
        [480.0000, 208.9600, 640.0000, 410.5600],
        [ 57.6000,  98.8800, 518.4000, 361.9200],
        [480.0000, 208.9600, 640.0000, 410.5600],
        [480.0000, 208.9600, 640.0000, 410.5600],
        [480.0000, 208.9600, 640.0000, 410.5600],
        [480.0000, 208.9600, 640.0000, 410.5600],
        [480.0000, 208.9600, 640.0000, 410.5600],
        [ 57.6000,  98.8800, 518.4000, 361.9200],
        [ 57.6000,  98.8800, 518.4000, 361.9200],
        [ 57.6000,  98.8800, 518.4000, 361.9200],
        [ 57.6000,  98.8800, 518.4000, 361.9200],
        [480.0000, 208.9600, 640.0000, 410.5600],
        [480.0000, 208.9600, 640.0000, 410.5600],
        [480.0000, 208.9600, 640.0000, 410.5600],
        [480.0000, 208.9600, 640.0000, 410.5600],
        [480.0000, 208.9600, 640.0000, 410.5600],
        [480.0000, 208.9600, 640.0000, 410.5600],
        [ 57.6000,  98.8800, 518.4000, 361.9200],
        [ 57.6000,  98.8800, 518.4000, 361.9200],
        [ 57.6000,  98.8800, 518.4000, 361.9200],
        [480.0000, 208.9600, 640.0000, 410.5600],
        [480.0000, 208.9600, 640.0000, 410.5600],
        [480.0000, 208.9600, 640.0000, 410.5600],
        [480.0000, 208.9600, 640.0000, 410.5600],
        [480.0000, 208.9600, 640.0000, 410.5600],
        [480.0000, 208.9600, 640.0000, 410.5600],
        [ 57.6000,  98.8800, 518.4000, 361.9200],
        [ 57.6000,  98.8800, 518.4000, 361.9200],
        [480.0000, 208.9600, 640.0000, 410.5600],
        [480.0000, 208.9600, 640.0000, 410.5600],
        [480.0000, 208.9600, 640.0000, 410.5600],
        [480.0000, 208.9600, 640.0000, 410.5600],
        [480.0000, 208.9600, 640.0000, 410.5600],
        [480.0000, 208.9600, 640.0000, 410.5600],
        [480.0000, 208.9600, 640.0000, 410.5600],
        [480.0000, 208.9600, 640.0000, 410.5600],
        [480.0000, 208.9600, 640.0000, 410.5600],
        [480.0000, 208.9600, 640.0000, 410.5600],
        [480.0000, 208.9600, 640.0000, 410.5600],
        [480.0000, 208.9600, 640.0000, 410.5600],
        [480.0000, 208.9600, 640.0000, 410.5600],
        [480.0000, 208.9600, 640.0000, 410.5600],
        [480.0000, 208.9600, 640.0000, 410.5600],
        [480.0000, 208.9600, 640.0000, 410.5600],
        [480.0000, 208.9600, 640.0000, 410.5600],
        [480.0000, 208.9600, 640.0000, 410.5600],
        [480.0000, 208.9600, 640.0000, 410.5600],
        [480.0000, 208.9600, 640.0000, 410.5600],
        [480.0000, 208.9600, 640.0000, 410.5600],
        [480.0000, 208.9600, 640.0000, 410.5600],
        [480.0000, 208.9600, 640.0000, 410.5600],
        [480.0000, 208.9600, 640.0000, 410.5600],
        [480.0000, 208.9600, 640.0000, 410.5600],
        [480.0000, 208.9600, 640.0000, 410.5600],
        [480.0000, 208.9600, 640.0000, 410.5600],
        [480.0000, 208.9600, 640.0000, 410.5600],
        [480.0000, 208.9600, 640.0000, 410.5600],
        [480.0000, 208.9600, 640.0000, 410.5600],
        [480.0000, 208.9600, 640.0000, 410.5600],
        [480.0000, 208.9600, 640.0000, 410.5600],
        [480.0000, 208.9600, 640.0000, 410.5600],
        [480.0000, 208.9600, 640.0000, 410.5600],
        [480.0000, 208.9600, 640.0000, 410.5600],
        [480.0000, 208.9600, 640.0000, 410.5600],
        [480.0000, 208.9600, 640.0000, 410.5600],
        [480.0000, 208.9600, 640.0000, 410.5600],
        [480.0000, 208.9600, 640.0000, 410.5600],
        [480.0000, 208.9600, 640.0000, 410.5600],
        [480.0000, 208.9600, 640.0000, 410.5600],
        [480.0000, 208.9600, 640.0000, 410.5600],
        [480.0000, 208.9600, 640.0000, 410.5600],
        [480.0000, 208.9600, 640.0000, 410.5600],
        [480.0000, 208.9600, 640.0000, 410.5600],
        [480.0000, 208.9600, 640.0000, 410.5600]])
2023-07-13 11:15:56.689 | INFO     | __main__:inner_func:14 - (__get_in_gts_mask) in_gts_mask: torch.Size([3, 84])
2023-07-13 11:15:56.691 | INFO     | __main__:inner_func:15 - (__get_in_gts_mask) in_gts_mask: tensor([[0., 0., 0., 0., 0., 0., 0., 0., 0., 0., 0., 0., 0., 0., 0., 0., 0., 0.,
         0., 0., 0., 0., 0., 0., 0., 0., 1., 0., 0., 0., 0., 0., 0., 0., 1., 0.,
         0., 0., 0., 0., 0., 0., 0., 0., 0., 0., 0., 0., 0., 0., 0., 0., 0., 0.,
         0., 0., 0., 0., 0., 0., 0., 0., 0., 0., 0., 0., 0., 0., 0., 0., 0., 0.,
         0., 1., 0., 0., 0., 0., 0., 0., 0., 0., 0., 0.],
        [0., 0., 0., 0., 0., 0., 0., 0., 0., 0., 0., 0., 0., 0., 0., 0., 0., 0.,
         0., 0., 0., 0., 0., 0., 0., 0., 0., 0., 0., 0., 0., 0., 0., 0., 0., 0.,
         0., 0., 0., 0., 0., 0., 0., 0., 0., 0., 0., 0., 0., 0., 0., 0., 0., 0.,
         0., 0., 0., 0., 0., 0., 0., 0., 0., 0., 0., 0., 0., 0., 0., 0., 0., 0.,
         0., 0., 0., 0., 0., 0., 0., 0., 0., 0., 0., 0.],
        [0., 0., 0., 0., 0., 0., 0., 0., 0., 0., 0., 0., 0., 0., 0., 0., 0., 0.,
         0., 0., 0., 0., 0., 0., 0., 0., 0., 0., 0., 0., 0., 0., 0., 0., 0., 0.,
         0., 0., 0., 0., 0., 0., 0., 0., 0., 0., 0., 0., 0., 0., 0., 0., 0., 0.,
         0., 0., 0., 0., 0., 0., 0., 0., 0., 0., 0., 0., 0., 0., 0., 0., 0., 0.,
         0., 0., 0., 0., 0., 0., 0., 0., 0., 0., 0., 0.]])
2023-07-13 11:15:56.694 | INFO     | __main__:inner_func:14 - (__refine_select) align_metric: torch.Size([3, 84])
2023-07-13 11:15:56.696 | INFO     | __main__:inner_func:15 - (__refine_select) align_metric: tensor([[0.0000e+00, 0.0000e+00, 0.0000e+00, 0.0000e+00, 0.0000e+00, 0.0000e+00,
         0.0000e+00, 0.0000e+00, 0.0000e+00, 0.0000e+00, 0.0000e+00, 0.0000e+00,
         0.0000e+00, 0.0000e+00, 0.0000e+00, 0.0000e+00, 0.0000e+00, 0.0000e+00,
         0.0000e+00, 0.0000e+00, 0.0000e+00, 0.0000e+00, 0.0000e+00, 0.0000e+00,
         0.0000e+00, 0.0000e+00, 1.0564e-20, 0.0000e+00, 0.0000e+00, 0.0000e+00,
         0.0000e+00, 0.0000e+00, 0.0000e+00, 0.0000e+00, 1.0593e-12, 0.0000e+00,
         0.0000e+00, 0.0000e+00, 0.0000e+00, 0.0000e+00, 0.0000e+00, 0.0000e+00,
         0.0000e+00, 0.0000e+00, 0.0000e+00, 0.0000e+00, 0.0000e+00, 0.0000e+00,
         0.0000e+00, 0.0000e+00, 0.0000e+00, 0.0000e+00, 0.0000e+00, 0.0000e+00,
         0.0000e+00, 0.0000e+00, 0.0000e+00, 0.0000e+00, 0.0000e+00, 0.0000e+00,
         0.0000e+00, 0.0000e+00, 0.0000e+00, 0.0000e+00, 0.0000e+00, 0.0000e+00,
         0.0000e+00, 0.0000e+00, 0.0000e+00, 0.0000e+00, 0.0000e+00, 0.0000e+00,
         0.0000e+00, 0.0000e+00, 0.0000e+00, 0.0000e+00, 0.0000e+00, 0.0000e+00,
         0.0000e+00, 0.0000e+00, 0.0000e+00, 0.0000e+00, 0.0000e+00, 0.0000e+00],
        [0.0000e+00, 0.0000e+00, 0.0000e+00, 0.0000e+00, 0.0000e+00, 0.0000e+00,
         0.0000e+00, 0.0000e+00, 0.0000e+00, 0.0000e+00, 0.0000e+00, 0.0000e+00,
         0.0000e+00, 0.0000e+00, 0.0000e+00, 0.0000e+00, 0.0000e+00, 0.0000e+00,
         0.0000e+00, 0.0000e+00, 0.0000e+00, 0.0000e+00, 0.0000e+00, 0.0000e+00,
         0.0000e+00, 0.0000e+00, 0.0000e+00, 0.0000e+00, 0.0000e+00, 0.0000e+00,
         0.0000e+00, 0.0000e+00, 0.0000e+00, 0.0000e+00, 0.0000e+00, 0.0000e+00,
         0.0000e+00, 0.0000e+00, 0.0000e+00, 0.0000e+00, 0.0000e+00, 0.0000e+00,
         0.0000e+00, 0.0000e+00, 0.0000e+00, 0.0000e+00, 0.0000e+00, 0.0000e+00,
         0.0000e+00, 0.0000e+00, 0.0000e+00, 0.0000e+00, 0.0000e+00, 0.0000e+00,
         0.0000e+00, 0.0000e+00, 0.0000e+00, 0.0000e+00, 0.0000e+00, 0.0000e+00,
         0.0000e+00, 0.0000e+00, 0.0000e+00, 0.0000e+00, 0.0000e+00, 0.0000e+00,
         0.0000e+00, 0.0000e+00, 0.0000e+00, 0.0000e+00, 0.0000e+00, 0.0000e+00,
         0.0000e+00, 0.0000e+00, 0.0000e+00, 0.0000e+00, 0.0000e+00, 0.0000e+00,
         0.0000e+00, 0.0000e+00, 0.0000e+00, 0.0000e+00, 0.0000e+00, 0.0000e+00],
        [0.0000e+00, 0.0000e+00, 0.0000e+00, 0.0000e+00, 0.0000e+00, 0.0000e+00,
         0.0000e+00, 0.0000e+00, 0.0000e+00, 0.0000e+00, 0.0000e+00, 0.0000e+00,
         0.0000e+00, 0.0000e+00, 0.0000e+00, 0.0000e+00, 0.0000e+00, 0.0000e+00,
         0.0000e+00, 0.0000e+00, 0.0000e+00, 0.0000e+00, 0.0000e+00, 0.0000e+00,
         0.0000e+00, 0.0000e+00, 0.0000e+00, 0.0000e+00, 0.0000e+00, 0.0000e+00,
         0.0000e+00, 0.0000e+00, 0.0000e+00, 0.0000e+00, 0.0000e+00, 0.0000e+00,
         0.0000e+00, 0.0000e+00, 0.0000e+00, 0.0000e+00, 0.0000e+00, 0.0000e+00,
         0.0000e+00, 0.0000e+00, 0.0000e+00, 0.0000e+00, 0.0000e+00, 0.0000e+00,
         0.0000e+00, 0.0000e+00, 0.0000e+00, 0.0000e+00, 0.0000e+00, 0.0000e+00,
         0.0000e+00, 0.0000e+00, 0.0000e+00, 0.0000e+00, 0.0000e+00, 0.0000e+00,
         0.0000e+00, 0.0000e+00, 0.0000e+00, 0.0000e+00, 0.0000e+00, 0.0000e+00,
         0.0000e+00, 0.0000e+00, 0.0000e+00, 0.0000e+00, 0.0000e+00, 0.0000e+00,
         0.0000e+00, 0.0000e+00, 0.0000e+00, 0.0000e+00, 0.0000e+00, 0.0000e+00,
         0.0000e+00, 0.0000e+00, 0.0000e+00, 0.0000e+00, 0.0000e+00, 0.0000e+00]])
2023-07-13 11:15:56.700 | INFO     | __main__:inner_func:14 - (__refine_select) gt_pb_cious: torch.Size([3, 84])
2023-07-13 11:15:56.701 | INFO     | __main__:inner_func:15 - (__refine_select) gt_pb_cious: tensor([[0.0000, 0.0000, 0.0000, 0.0000, 0.0000, 0.0000, 0.0000, 0.0000, 0.0000,
         0.0000, 0.0000, 0.0000, 0.0000, 0.0000, 0.0000, 0.0000, 0.0000, 0.0000,
         0.0000, 0.0000, 0.0000, 0.0000, 0.0000, 0.0000, 0.0000, 0.0000, 0.0005,
         0.0000, 0.0000, 0.0000, 0.0000, 0.0000, 0.0000, 0.0000, 0.0108, 0.0000,
         0.0000, 0.0000, 0.0000, 0.0000, 0.0000, 0.0000, 0.0000, 0.0000, 0.0000,
         0.0000, 0.0000, 0.0000, 0.0000, 0.0000, 0.0000, 0.0000, 0.0000, 0.0000,
         0.0000, 0.0000, 0.0000, 0.0000, 0.0000, 0.0000, 0.0000, 0.0000, 0.0000,
         0.0000, 0.0000, 0.0000, 0.0000, 0.0000, 0.0000, 0.0000, 0.0000, 0.0000,
         0.0000, 0.0000, 0.0000, 0.0000, 0.0000, 0.0000, 0.0000, 0.0000, 0.0000,
         0.0000, 0.0000, 0.0000],
        [0.0000, 0.0000, 0.0000, 0.0000, 0.0000, 0.0000, 0.0000, 0.0000, 0.0000,
         0.0000, 0.0000, 0.0000, 0.0000, 0.0000, 0.0000, 0.0000, 0.0000, 0.0000,
         0.0000, 0.0000, 0.0000, 0.0000, 0.0000, 0.0000, 0.0000, 0.0000, 0.0000,
         0.0000, 0.0000, 0.0000, 0.0000, 0.0000, 0.0000, 0.0000, 0.0000, 0.0000,
         0.0000, 0.0000, 0.0000, 0.0000, 0.0000, 0.0000, 0.0000, 0.0000, 0.0000,
         0.0000, 0.0000, 0.0000, 0.0000, 0.0000, 0.0000, 0.0000, 0.0000, 0.0000,
         0.0000, 0.0000, 0.0000, 0.0000, 0.0000, 0.0000, 0.0000, 0.0000, 0.0000,
         0.0000, 0.0000, 0.0000, 0.0000, 0.0000, 0.0000, 0.0000, 0.0000, 0.0000,
         0.0000, 0.0000, 0.0000, 0.0000, 0.0000, 0.0000, 0.0000, 0.0000, 0.0000,
         0.0000, 0.0000, 0.0000],
        [0.0000, 0.0000, 0.0000, 0.0000, 0.0000, 0.0000, 0.0000, 0.0000, 0.0000,
         0.0000, 0.0000, 0.0000, 0.0000, 0.0000, 0.0000, 0.0000, 0.0000, 0.0000,
         0.0000, 0.0000, 0.0000, 0.0000, 0.0000, 0.0000, 0.0000, 0.0000, 0.0000,
         0.0000, 0.0000, 0.0000, 0.0000, 0.0000, 0.0000, 0.0000, 0.0000, 0.0000,
         0.0000, 0.0000, 0.0000, 0.0000, 0.0000, 0.0000, 0.0000, 0.0000, 0.0000,
         0.0000, 0.0000, 0.0000, 0.0000, 0.0000, 0.0000, 0.0000, 0.0000, 0.0000,
         0.0000, 0.0000, 0.0000, 0.0000, 0.0000, 0.0000, 0.0000, 0.0000, 0.0000,
         0.0000, 0.0000, 0.0000, 0.0000, 0.0000, 0.0000, 0.0000, 0.0000, 0.0000,
         0.0000, 0.0000, 0.0000, 0.0000, 0.0000, 0.0000, 0.0000, 0.0000, 0.0000,
         0.0000, 0.0000, 0.0000]])
2023-07-13 11:15:56.705 | INFO     | __main__:inner_func:14 - (__select_topk_candidates) topk_mask: torch.Size([3, 84])
2023-07-13 11:15:56.706 | INFO     | __main__:inner_func:15 - (__select_topk_candidates) topk_mask: tensor([[1., 1., 1., 1., 1., 1., 1., 1., 0., 0., 0., 0., 0., 0., 0., 0., 0., 0.,
         0., 0., 0., 0., 0., 0., 0., 0., 1., 0., 0., 0., 0., 0., 0., 0., 1., 0.,
         0., 0., 0., 0., 0., 0., 0., 0., 0., 0., 0., 0., 0., 0., 0., 0., 0., 0.,
         0., 0., 0., 0., 0., 0., 0., 0., 0., 0., 0., 0., 0., 0., 0., 0., 0., 0.,
         0., 0., 0., 0., 0., 0., 0., 0., 0., 0., 0., 0.],
        [0., 0., 0., 0., 0., 0., 0., 0., 0., 0., 0., 0., 0., 0., 0., 0., 0., 0.,
         0., 0., 0., 0., 0., 0., 0., 0., 0., 0., 0., 0., 0., 0., 0., 0., 0., 0.,
         0., 0., 0., 0., 0., 0., 0., 0., 0., 0., 0., 0., 0., 0., 0., 0., 0., 0.,
         0., 0., 0., 0., 0., 0., 0., 0., 0., 0., 0., 0., 0., 0., 0., 0., 0., 0.,
         0., 0., 0., 0., 0., 0., 0., 0., 0., 0., 0., 0.],
        [0., 0., 0., 0., 0., 0., 0., 0., 0., 0., 0., 0., 0., 0., 0., 0., 0., 0.,
         0., 0., 0., 0., 0., 0., 0., 0., 0., 0., 0., 0., 0., 0., 0., 0., 0., 0.,
         0., 0., 0., 0., 0., 0., 0., 0., 0., 0., 0., 0., 0., 0., 0., 0., 0., 0.,
         0., 0., 0., 0., 0., 0., 0., 0., 0., 0., 0., 0., 0., 0., 0., 0., 0., 0.,
         0., 0., 0., 0., 0., 0., 0., 0., 0., 0., 0., 0.]])
2023-07-13 11:15:56.711 | INFO     | __main__:inner_func:14 - (__filter_repeat_assign_candidates) target_gt_idx: torch.Size([84])
2023-07-13 11:15:56.712 | INFO     | __main__:inner_func:15 - (__filter_repeat_assign_candidates) target_gt_idx: tensor([0, 0, 0, 0, 0, 0, 0, 0, 0, 0, 0, 0, 0, 0, 0, 0, 0, 0, 0, 0, 0, 0, 0, 0,
        0, 0, 0, 0, 0, 0, 0, 0, 0, 0, 0, 0, 0, 0, 0, 0, 0, 0, 0, 0, 0, 0, 0, 0,
        0, 0, 0, 0, 0, 0, 0, 0, 0, 0, 0, 0, 0, 0, 0, 0, 0, 0, 0, 0, 0, 0, 0, 0,
        0, 0, 0, 0, 0, 0, 0, 0, 0, 0, 0, 0])
2023-07-13 11:15:56.719 | INFO     | __main__:inner_func:14 - (__filter_repeat_assign_candidates) fg_mask: torch.Size([84])
2023-07-13 11:15:56.721 | INFO     | __main__:inner_func:15 - (__filter_repeat_assign_candidates) fg_mask: tensor([1., 1., 1., 1., 1., 1., 1., 1., 0., 0., 0., 0., 0., 0., 0., 0., 0., 0.,
        0., 0., 0., 0., 0., 0., 0., 0., 1., 0., 0., 0., 0., 0., 0., 0., 1., 0.,
        0., 0., 0., 0., 0., 0., 0., 0., 0., 0., 0., 0., 0., 0., 0., 0., 0., 0.,
        0., 0., 0., 0., 0., 0., 0., 0., 0., 0., 0., 0., 0., 0., 0., 0., 0., 0.,
        0., 0., 0., 0., 0., 0., 0., 0., 0., 0., 0., 0.])
2023-07-13 11:15:56.723 | INFO     | __main__:inner_func:14 - (__filter_repeat_assign_candidates) pos_mask: torch.Size([3, 84])
2023-07-13 11:15:56.724 | INFO     | __main__:inner_func:15 - (__filter_repeat_assign_candidates) pos_mask: tensor([[1., 1., 1., 1., 1., 1., 1., 1., 0., 0., 0., 0., 0., 0., 0., 0., 0., 0.,
         0., 0., 0., 0., 0., 0., 0., 0., 1., 0., 0., 0., 0., 0., 0., 0., 1., 0.,
         0., 0., 0., 0., 0., 0., 0., 0., 0., 0., 0., 0., 0., 0., 0., 0., 0., 0.,
         0., 0., 0., 0., 0., 0., 0., 0., 0., 0., 0., 0., 0., 0., 0., 0., 0., 0.,
         0., 0., 0., 0., 0., 0., 0., 0., 0., 0., 0., 0.],
        [0., 0., 0., 0., 0., 0., 0., 0., 0., 0., 0., 0., 0., 0., 0., 0., 0., 0.,
         0., 0., 0., 0., 0., 0., 0., 0., 0., 0., 0., 0., 0., 0., 0., 0., 0., 0.,
         0., 0., 0., 0., 0., 0., 0., 0., 0., 0., 0., 0., 0., 0., 0., 0., 0., 0.,
         0., 0., 0., 0., 0., 0., 0., 0., 0., 0., 0., 0., 0., 0., 0., 0., 0., 0.,
         0., 0., 0., 0., 0., 0., 0., 0., 0., 0., 0., 0.],
        [0., 0., 0., 0., 0., 0., 0., 0., 0., 0., 0., 0., 0., 0., 0., 0., 0., 0.,
         0., 0., 0., 0., 0., 0., 0., 0., 0., 0., 0., 0., 0., 0., 0., 0., 0., 0.,
         0., 0., 0., 0., 0., 0., 0., 0., 0., 0., 0., 0., 0., 0., 0., 0., 0., 0.,
         0., 0., 0., 0., 0., 0., 0., 0., 0., 0., 0., 0., 0., 0., 0., 0., 0., 0.,
         0., 0., 0., 0., 0., 0., 0., 0., 0., 0., 0., 0.]])
2023-07-13 11:15:56.727 | INFO     | __main__:inner_func:14 - (__get_train_targets) target_one_hot_labels: torch.Size([84, 3])
2023-07-13 11:15:56.730 | INFO     | __main__:inner_func:15 - (__get_train_targets) target_one_hot_labels: tensor([[0, 0, 1],
        [0, 0, 1],
        [0, 0, 1],
        [0, 0, 1],
        [0, 0, 1],
        [0, 0, 1],
        [0, 0, 1],
        [0, 0, 1],
        [0, 0, 0],
        [0, 0, 0],
        [0, 0, 0],
        [0, 0, 0],
        [0, 0, 0],
        [0, 0, 0],
        [0, 0, 0],
        [0, 0, 0],
        [0, 0, 0],
        [0, 0, 0],
        [0, 0, 0],
        [0, 0, 0],
        [0, 0, 0],
        [0, 0, 0],
        [0, 0, 0],
        [0, 0, 0],
        [0, 0, 0],
        [0, 0, 0],
        [0, 0, 1],
        [0, 0, 0],
        [0, 0, 0],
        [0, 0, 0],
        [0, 0, 0],
        [0, 0, 0],
        [0, 0, 0],
        [0, 0, 0],
        [0, 0, 1],
        [0, 0, 0],
        [0, 0, 0],
        [0, 0, 0],
        [0, 0, 0],
        [0, 0, 0],
        [0, 0, 0],
        [0, 0, 0],
        [0, 0, 0],
        [0, 0, 0],
        [0, 0, 0],
        [0, 0, 0],
        [0, 0, 0],
        [0, 0, 0],
        [0, 0, 0],
        [0, 0, 0],
        [0, 0, 0],
        [0, 0, 0],
        [0, 0, 0],
        [0, 0, 0],
        [0, 0, 0],
        [0, 0, 0],
        [0, 0, 0],
        [0, 0, 0],
        [0, 0, 0],
        [0, 0, 0],
        [0, 0, 0],
        [0, 0, 0],
        [0, 0, 0],
        [0, 0, 0],
        [0, 0, 0],
        [0, 0, 0],
        [0, 0, 0],
        [0, 0, 0],
        [0, 0, 0],
        [0, 0, 0],
        [0, 0, 0],
        [0, 0, 0],
        [0, 0, 0],
        [0, 0, 0],
        [0, 0, 0],
        [0, 0, 0],
        [0, 0, 0],
        [0, 0, 0],
        [0, 0, 0],
        [0, 0, 0],
        [0, 0, 0],
        [0, 0, 0],
        [0, 0, 0],
        [0, 0, 0]])
2023-07-13 11:15:56.736 | INFO     | __main__:inner_func:14 - (__get_train_targets) target_bboxes: torch.Size([84, 4])
2023-07-13 11:15:56.742 | INFO     | __main__:inner_func:15 - (__get_train_targets) target_bboxes: tensor([[174.4000, 257.6000, 271.0400, 409.2800],
        [174.4000, 257.6000, 271.0400, 409.2800],
        [174.4000, 257.6000, 271.0400, 409.2800],
        [174.4000, 257.6000, 271.0400, 409.2800],
        [174.4000, 257.6000, 271.0400, 409.2800],
        [174.4000, 257.6000, 271.0400, 409.2800],
        [174.4000, 257.6000, 271.0400, 409.2800],
        [174.4000, 257.6000, 271.0400, 409.2800],
        [174.4000, 257.6000, 271.0400, 409.2800],
        [174.4000, 257.6000, 271.0400, 409.2800],
        [174.4000, 257.6000, 271.0400, 409.2800],
        [174.4000, 257.6000, 271.0400, 409.2800],
        [174.4000, 257.6000, 271.0400, 409.2800],
        [174.4000, 257.6000, 271.0400, 409.2800],
        [174.4000, 257.6000, 271.0400, 409.2800],
        [174.4000, 257.6000, 271.0400, 409.2800],
        [174.4000, 257.6000, 271.0400, 409.2800],
        [174.4000, 257.6000, 271.0400, 409.2800],
        [174.4000, 257.6000, 271.0400, 409.2800],
        [174.4000, 257.6000, 271.0400, 409.2800],
        [174.4000, 257.6000, 271.0400, 409.2800],
        [174.4000, 257.6000, 271.0400, 409.2800],
        [174.4000, 257.6000, 271.0400, 409.2800],
        [174.4000, 257.6000, 271.0400, 409.2800],
        [174.4000, 257.6000, 271.0400, 409.2800],
        [174.4000, 257.6000, 271.0400, 409.2800],
        [174.4000, 257.6000, 271.0400, 409.2800],
        [174.4000, 257.6000, 271.0400, 409.2800],
        [174.4000, 257.6000, 271.0400, 409.2800],
        [174.4000, 257.6000, 271.0400, 409.2800],
        [174.4000, 257.6000, 271.0400, 409.2800],
        [174.4000, 257.6000, 271.0400, 409.2800],
        [174.4000, 257.6000, 271.0400, 409.2800],
        [174.4000, 257.6000, 271.0400, 409.2800],
        [174.4000, 257.6000, 271.0400, 409.2800],
        [174.4000, 257.6000, 271.0400, 409.2800],
        [174.4000, 257.6000, 271.0400, 409.2800],
        [174.4000, 257.6000, 271.0400, 409.2800],
        [174.4000, 257.6000, 271.0400, 409.2800],
        [174.4000, 257.6000, 271.0400, 409.2800],
        [174.4000, 257.6000, 271.0400, 409.2800],
        [174.4000, 257.6000, 271.0400, 409.2800],
        [174.4000, 257.6000, 271.0400, 409.2800],
        [174.4000, 257.6000, 271.0400, 409.2800],
        [174.4000, 257.6000, 271.0400, 409.2800],
        [174.4000, 257.6000, 271.0400, 409.2800],
        [174.4000, 257.6000, 271.0400, 409.2800],
        [174.4000, 257.6000, 271.0400, 409.2800],
        [174.4000, 257.6000, 271.0400, 409.2800],
        [174.4000, 257.6000, 271.0400, 409.2800],
        [174.4000, 257.6000, 271.0400, 409.2800],
        [174.4000, 257.6000, 271.0400, 409.2800],
        [174.4000, 257.6000, 271.0400, 409.2800],
        [174.4000, 257.6000, 271.0400, 409.2800],
        [174.4000, 257.6000, 271.0400, 409.2800],
        [174.4000, 257.6000, 271.0400, 409.2800],
        [174.4000, 257.6000, 271.0400, 409.2800],
        [174.4000, 257.6000, 271.0400, 409.2800],
        [174.4000, 257.6000, 271.0400, 409.2800],
        [174.4000, 257.6000, 271.0400, 409.2800],
        [174.4000, 257.6000, 271.0400, 409.2800],
        [174.4000, 257.6000, 271.0400, 409.2800],
        [174.4000, 257.6000, 271.0400, 409.2800],
        [174.4000, 257.6000, 271.0400, 409.2800],
        [174.4000, 257.6000, 271.0400, 409.2800],
        [174.4000, 257.6000, 271.0400, 409.2800],
        [174.4000, 257.6000, 271.0400, 409.2800],
        [174.4000, 257.6000, 271.0400, 409.2800],
        [174.4000, 257.6000, 271.0400, 409.2800],
        [174.4000, 257.6000, 271.0400, 409.2800],
        [174.4000, 257.6000, 271.0400, 409.2800],
        [174.4000, 257.6000, 271.0400, 409.2800],
        [174.4000, 257.6000, 271.0400, 409.2800],
        [174.4000, 257.6000, 271.0400, 409.2800],
        [174.4000, 257.6000, 271.0400, 409.2800],
        [174.4000, 257.6000, 271.0400, 409.2800],
        [174.4000, 257.6000, 271.0400, 409.2800],
        [174.4000, 257.6000, 271.0400, 409.2800],
        [174.4000, 257.6000, 271.0400, 409.2800],
        [174.4000, 257.6000, 271.0400, 409.2800],
        [174.4000, 257.6000, 271.0400, 409.2800],
        [174.4000, 257.6000, 271.0400, 409.2800],
        [174.4000, 257.6000, 271.0400, 409.2800],
        [174.4000, 257.6000, 271.0400, 409.2800]])
2023-07-13 11:15:56.747 | INFO     | __main__:inner_func:14 - (__call__) b_target_boxes: torch.Size([4, 84, 4])
2023-07-13 11:15:56.751 | INFO     | __main__:inner_func:15 - (__call__) b_target_boxes: tensor([[[ 2.1760e+02, -3.2000e-01,  4.9024e+02,  6.9440e+01],
         [ 2.1760e+02, -3.2000e-01,  4.9024e+02,  6.9440e+01],
         [ 2.1760e+02, -3.2000e-01,  4.9024e+02,  6.9440e+01],
         ...,
         [ 1.7856e+02,  9.2800e+01,  6.0480e+02,  3.3472e+02],
         [ 1.7856e+02,  9.2800e+01,  6.0480e+02,  3.3472e+02],
         [ 1.7856e+02,  9.2800e+01,  6.0480e+02,  3.3472e+02]],

        [[ 5.3440e+01,  9.2480e+01,  5.3152e+02,  3.2224e+02],
         [ 5.3440e+01,  9.2480e+01,  5.3152e+02,  3.2224e+02],
         [ 5.3440e+01,  9.2480e+01,  5.3152e+02,  3.2224e+02],
         ...,
         [ 5.3440e+01,  9.2480e+01,  5.3152e+02,  3.2224e+02],
         [ 5.3440e+01,  9.2480e+01,  5.3152e+02,  3.2224e+02],
         [ 5.3440e+01,  9.2480e+01,  5.3152e+02,  3.2224e+02]],

        [[ 2.5600e+01,  2.5600e+00,  3.2000e+02,  7.9360e+01],
         [ 2.5600e+01,  2.5600e+00,  3.2000e+02,  7.9360e+01],
         [ 4.8000e+02,  2.0896e+02,  6.4000e+02,  4.1056e+02],
         ...,
         [ 4.8000e+02,  2.0896e+02,  6.4000e+02,  4.1056e+02],
         [ 4.8000e+02,  2.0896e+02,  6.4000e+02,  4.1056e+02],
         [ 4.8000e+02,  2.0896e+02,  6.4000e+02,  4.1056e+02]],

        [[ 1.7440e+02,  2.5760e+02,  2.7104e+02,  4.0928e+02],
         [ 1.7440e+02,  2.5760e+02,  2.7104e+02,  4.0928e+02],
         [ 1.7440e+02,  2.5760e+02,  2.7104e+02,  4.0928e+02],
         ...,
         [ 1.7440e+02,  2.5760e+02,  2.7104e+02,  4.0928e+02],
         [ 1.7440e+02,  2.5760e+02,  2.7104e+02,  4.0928e+02],
         [ 1.7440e+02,  2.5760e+02,  2.7104e+02,  4.0928e+02]]])
2023-07-13 11:15:56.754 | INFO     | __main__:inner_func:14 - (__call__) b_target_labels: torch.Size([4, 84, 3])
2023-07-13 11:15:56.756 | INFO     | __main__:inner_func:15 - (__call__) b_target_labels: tensor([[[0, 0, 0],
         [0, 0, 0],
         [0, 0, 0],
         ...,
         [0, 0, 0],
         [0, 0, 0],
         [0, 0, 0]],

        [[0, 0, 0],
         [0, 0, 0],
         [0, 0, 0],
         ...,
         [0, 0, 0],
         [0, 0, 0],
         [0, 0, 0]],

        [[0, 0, 0],
         [0, 0, 0],
         [0, 0, 0],
         ...,
         [0, 0, 0],
         [0, 0, 0],
         [0, 0, 0]],

        [[0, 0, 0],
         [0, 0, 0],
         [0, 0, 0],
         ...,
         [0, 0, 0],
         [0, 0, 0],
         [0, 0, 0]]])
2023-07-13 11:15:56.759 | INFO     | __main__:inner_func:14 - (__call__) b_fg_masks: torch.Size([4, 84])
2023-07-13 11:15:56.762 | INFO     | __main__:inner_func:15 - (__call__) b_fg_masks: tensor([[ True,  True,  True,  True,  True,  True,  True,  True,  True,  True,
          True, False,  True,  True,  True, False, False, False, False, False,
          True,  True,  True,  True, False, False, False,  True,  True, False,
         False, False, False, False, False, False, False, False, False, False,
         False, False, False, False, False, False, False, False, False, False,
         False, False, False, False, False, False, False, False, False, False,
         False, False, False, False, False, False, False, False, False, False,
         False, False, False, False, False, False, False, False, False, False,
         False, False, False, False],
        [False, False, False, False, False, False, False, False, False,  True,
         False, False,  True,  True, False, False, False, False, False,  True,
         False,  True, False, False, False,  True,  True,  True,  True,  True,
         False, False, False, False, False, False, False, False, False, False,
         False, False, False, False, False, False, False, False, False, False,
         False, False, False, False, False, False, False, False, False, False,
         False, False, False, False, False, False, False, False, False, False,
         False, False, False, False, False, False, False, False, False, False,
         False, False, False, False],
        [ True,  True,  True,  True,  True,  True,  True,  True,  True,  True,
         False,  True, False, False, False, False, False,  True,  True,  True,
          True, False, False, False, False, False, False,  True,  True,  True,
          True,  True, False, False, False, False,  True,  True,  True,  True,
         False, False, False, False, False, False, False, False, False, False,
         False, False, False, False, False, False, False, False, False, False,
         False, False, False, False, False, False, False, False, False, False,
         False,  True, False, False, False,  True, False, False, False, False,
         False, False, False, False],
        [ True,  True,  True,  True,  True,  True,  True,  True, False, False,
         False, False, False, False, False, False, False, False, False, False,
         False, False, False, False, False, False,  True, False, False, False,
         False, False, False, False,  True, False, False, False, False, False,
         False, False, False, False, False, False, False, False, False, False,
         False, False, False, False, False, False, False, False, False, False,
         False, False, False, False, False, False, False, False, False, False,
         False, False, False, False, False, False, False, False, False, False,
         False, False, False, False]])
